\BOOKMARK [0][-]{Doc-Start}{Abstract}{}% 1
\BOOKMARK [0][-]{chapter*.1}{Public Abstract}{}% 2
\BOOKMARK [0][-]{chapter*.2}{Acknowledgments}{}% 3
\BOOKMARK [0][-]{chapter*.4}{List of Tables}{}% 4
\BOOKMARK [0][-]{chapter*.5}{List of Figures}{}% 5
\BOOKMARK [-1][-]{part.1}{I INTRODUCTION AND PRELIMINARIES}{}% 6
\BOOKMARK [0][-]{chapter.1}{Introduction}{part.1}% 7
\BOOKMARK [1][-]{section.1.1}{Overview}{chapter.1}% 8
\BOOKMARK [1][-]{section.1.2}{Motivation}{chapter.1}% 9
\BOOKMARK [1][-]{section.1.3}{Contributions}{chapter.1}% 10
\BOOKMARK [1][-]{section.1.4}{Thesis Outline}{chapter.1}% 11
\BOOKMARK [0][-]{chapter.2}{Theoretical Background}{part.1}% 12
\BOOKMARK [1][-]{section.2.1}{Geometric Monitoring of Distributed Streams}{chapter.2}% 13
\BOOKMARK [1][-]{section.2.2}{Multi-objective Optimization}{chapter.2}% 14
\BOOKMARK [1][-]{section.2.3}{Savitzky-Golay Filtering}{chapter.2}% 15
\BOOKMARK [1][-]{section.2.4}{Matching in Graphs}{chapter.2}% 16
\BOOKMARK [0][-]{chapter.3}{Related Work}{part.1}% 17
\BOOKMARK [-1][-]{part.2}{II PROBLEM DEFINITION AND IMPLEMENTATION}{}% 18
\BOOKMARK [0][-]{chapter.4}{Problem Statement}{part.2}% 19
\BOOKMARK [0][-]{chapter.5}{Implementation}{part.2}% 20
\BOOKMARK [1][-]{section.5.1}{Geometric Monitoring Implementation}{chapter.5}% 21
\BOOKMARK [1][-]{section.5.2}{Distance Based Node Matching}{chapter.5}% 22
\BOOKMARK [1][-]{section.5.3}{Heuristic Balancing}{chapter.5}% 23
\BOOKMARK [1][-]{section.5.4}{Implementation Challenges}{chapter.5}% 24
\BOOKMARK [-1][-]{part.3}{III RESULTS AND CONCLUSIONS}{}% 25
\BOOKMARK [0][-]{chapter.6}{Experiments}{part.3}% 26
\BOOKMARK [1][-]{section.6.1}{Data, Setup and Monitoring Functions}{chapter.6}% 27
\BOOKMARK [1][-]{section.6.2}{Experimental Results}{chapter.6}% 28
\BOOKMARK [0][-]{chapter.7}{Conclusions and Future Work}{part.3}% 29
\BOOKMARK [1][-]{section.7.1}{Conclusions}{chapter.7}% 30
\BOOKMARK [1][-]{section.7.2}{Future Work}{chapter.7}% 31
\BOOKMARK [0][-]{chapter.8}{References}{part.3}% 32
