This is pdfTeX, Version 3.14159265-2.6-1.40.15 (TeX Live 2015/dev/Debian) (preloaded format=pdflatex 2016.5.27)  22 JUN 2016 00:28
entering extended mode
 restricted \write18 enabled.
 %&-line parsing enabled.
**Thesis_presentation.tex
(./Thesis_presentation.tex
LaTeX2e <2014/05/01>
Babel <3.9l> and hyphenation patterns for 79 languages loaded.
(/usr/share/texlive/texmf-dist/tex/latex/beamer/beamer.cls
(/usr/share/texlive/texmf-dist/tex/latex/beamer/beamerbasercs.sty
Package: beamerbasercs 2013/12/25 (rcs-revision 31cc758a62ae)
)
Document Class: beamer 2013/12/02 3.33 A class for typesetting presentations (r
cs-revision 332bfd3ce558)
(/usr/share/texlive/texmf-dist/tex/latex/beamer/beamerbasemodes.sty
Package: beamerbasemodes 2013/09/03 (rcs-revision 768f2d98ca64)
\beamer@tempbox=\box26
\beamer@tempcount=\count79
\c@beamerpauses=\count80

(/usr/share/texlive/texmf-dist/tex/latex/beamer/beamerbasedecode.sty
Package: beamerbasedecode 2010/05/01 (rcs-revision efa082c6111d)
\beamer@slideinframe=\count81
\beamer@minimum=\count82
)
\beamer@commentbox=\box27
\beamer@modecount=\count83
)
(/usr/share/texlive/texmf-dist/tex/generic/oberdiek/ifpdf.sty
Package: ifpdf 2011/01/30 v2.3 Provides the ifpdf switch (HO)
Package ifpdf Info: pdfTeX in PDF mode is detected.
)
\headheight=\dimen102
\headdp=\dimen103
\footheight=\dimen104
\sidebarheight=\dimen105
\beamer@tempdim=\dimen106
\beamer@finalheight=\dimen107
\beamer@animht=\dimen108
\beamer@animdp=\dimen109
\beamer@animwd=\dimen110
\beamer@leftmargin=\dimen111
\beamer@rightmargin=\dimen112
\beamer@leftsidebar=\dimen113
\beamer@rightsidebar=\dimen114
\beamer@boxsize=\dimen115
\beamer@vboxoffset=\dimen116
\beamer@descdefault=\dimen117
\beamer@descriptionwidth=\dimen118
\beamer@lastskip=\skip41
\beamer@areabox=\box28
\beamer@animcurrent=\box29
\beamer@animshowbox=\box30
\beamer@sectionbox=\box31
\beamer@logobox=\box32
\beamer@linebox=\box33
\beamer@sectioncount=\count84
\beamer@subsubsectionmax=\count85
\beamer@subsectionmax=\count86
\beamer@sectionmax=\count87
\beamer@totalheads=\count88
\beamer@headcounter=\count89
\beamer@partstartpage=\count90
\beamer@sectionstartpage=\count91
\beamer@subsectionstartpage=\count92
\beamer@animationtempa=\count93
\beamer@animationtempb=\count94
\beamer@xpos=\count95
\beamer@ypos=\count96
\beamer@showpartnumber=\count97
\beamer@currentsubsection=\count98
\beamer@coveringdepth=\count99
\beamer@sectionadjust=\count100
\beamer@tocsectionnumber=\count101

(/usr/share/texlive/texmf-dist/tex/latex/beamer/beamerbaseoptions.sty
Package: beamerbaseoptions 2013/03/10 (rcs-revision 47431932db0d)

(/usr/share/texlive/texmf-dist/tex/latex/graphics/keyval.sty
Package: keyval 2014/05/08 v1.15 key=value parser (DPC)
\KV@toks@=\toks14
))
\beamer@paperwidth=\skip42
\beamer@paperheight=\skip43

(/usr/share/texlive/texmf-dist/tex/latex/geometry/geometry.sty
Package: geometry 2010/09/12 v5.6 Page Geometry

(/usr/share/texlive/texmf-dist/tex/generic/oberdiek/ifvtex.sty
Package: ifvtex 2010/03/01 v1.5 Detect VTeX and its facilities (HO)
Package ifvtex Info: VTeX not detected.
)
(/usr/share/texlive/texmf-dist/tex/generic/ifxetex/ifxetex.sty
Package: ifxetex 2010/09/12 v0.6 Provides ifxetex conditional
)
\Gm@cnth=\count102
\Gm@cntv=\count103
\c@Gm@tempcnt=\count104
\Gm@bindingoffset=\dimen119
\Gm@wd@mp=\dimen120
\Gm@odd@mp=\dimen121
\Gm@even@mp=\dimen122
\Gm@layoutwidth=\dimen123
\Gm@layoutheight=\dimen124
\Gm@layouthoffset=\dimen125
\Gm@layoutvoffset=\dimen126
\Gm@dimlist=\toks15
)
(/usr/share/texlive/texmf-dist/tex/latex/base/size11.clo
File: size11.clo 2014/09/29 v1.4h Standard LaTeX file (size option)
)
(/usr/share/texlive/texmf-dist/tex/latex/pgf/basiclayer/pgfcore.sty
(/usr/share/texlive/texmf-dist/tex/latex/graphics/graphicx.sty
Package: graphicx 2014/04/25 v1.0g Enhanced LaTeX Graphics (DPC,SPQR)

(/usr/share/texlive/texmf-dist/tex/latex/graphics/graphics.sty
Package: graphics 2009/02/05 v1.0o Standard LaTeX Graphics (DPC,SPQR)

(/usr/share/texlive/texmf-dist/tex/latex/graphics/trig.sty
Package: trig 1999/03/16 v1.09 sin cos tan (DPC)
)
(/usr/share/texlive/texmf-dist/tex/latex/latexconfig/graphics.cfg
File: graphics.cfg 2010/04/23 v1.9 graphics configuration of TeX Live
)
Package graphics Info: Driver file: pdftex.def on input line 91.

(/usr/share/texlive/texmf-dist/tex/latex/pdftex-def/pdftex.def
File: pdftex.def 2011/05/27 v0.06d Graphics/color for pdfTeX

(/usr/share/texlive/texmf-dist/tex/generic/oberdiek/infwarerr.sty
Package: infwarerr 2010/04/08 v1.3 Providing info/warning/error messages (HO)
)
(/usr/share/texlive/texmf-dist/tex/generic/oberdiek/ltxcmds.sty
Package: ltxcmds 2011/11/09 v1.22 LaTeX kernel commands for general use (HO)
)
\Gread@gobject=\count105
))
\Gin@req@height=\dimen127
\Gin@req@width=\dimen128
)
(/usr/share/texlive/texmf-dist/tex/latex/pgf/systemlayer/pgfsys.sty
(/usr/share/texlive/texmf-dist/tex/latex/pgf/utilities/pgfrcs.sty
(/usr/share/texlive/texmf-dist/tex/generic/pgf/utilities/pgfutil-common.tex
\pgfutil@everybye=\toks16
\pgfutil@tempdima=\dimen129
\pgfutil@tempdimb=\dimen130

(/usr/share/texlive/texmf-dist/tex/generic/pgf/utilities/pgfutil-common-lists.t
ex)) (/usr/share/texlive/texmf-dist/tex/generic/pgf/utilities/pgfutil-latex.def
\pgfutil@abb=\box34
(/usr/share/texlive/texmf-dist/tex/latex/ms/everyshi.sty
Package: everyshi 2001/05/15 v3.00 EveryShipout Package (MS)
))
(/usr/share/texlive/texmf-dist/tex/generic/pgf/utilities/pgfrcs.code.tex
Package: pgfrcs 2013/12/20 v3.0.0 (rcs-revision 1.28)
))
(/usr/share/texlive/texmf-dist/tex/generic/pgf/systemlayer/pgfsys.code.tex
Package: pgfsys 2013/11/30 v3.0.0 (rcs-revision 1.47)

(/usr/share/texlive/texmf-dist/tex/generic/pgf/utilities/pgfkeys.code.tex
\pgfkeys@pathtoks=\toks17
\pgfkeys@temptoks=\toks18

(/usr/share/texlive/texmf-dist/tex/generic/pgf/utilities/pgfkeysfiltered.code.t
ex
\pgfkeys@tmptoks=\toks19
))
\pgf@x=\dimen131
\pgf@y=\dimen132
\pgf@xa=\dimen133
\pgf@ya=\dimen134
\pgf@xb=\dimen135
\pgf@yb=\dimen136
\pgf@xc=\dimen137
\pgf@yc=\dimen138
\w@pgf@writea=\write3
\r@pgf@reada=\read1
\c@pgf@counta=\count106
\c@pgf@countb=\count107
\c@pgf@countc=\count108
\c@pgf@countd=\count109
\t@pgf@toka=\toks20
\t@pgf@tokb=\toks21
\t@pgf@tokc=\toks22
 (/usr/share/texlive/texmf-dist/tex/generic/pgf/systemlayer/pgf.cfg
File: pgf.cfg 2008/05/14  (rcs-revision 1.7)
)
Driver file for pgf: pgfsys-pdftex.def

(/usr/share/texlive/texmf-dist/tex/generic/pgf/systemlayer/pgfsys-pdftex.def
File: pgfsys-pdftex.def 2013/07/18  (rcs-revision 1.33)

(/usr/share/texlive/texmf-dist/tex/generic/pgf/systemlayer/pgfsys-common-pdf.de
f
File: pgfsys-common-pdf.def 2013/10/10  (rcs-revision 1.13)
)))
(/usr/share/texlive/texmf-dist/tex/generic/pgf/systemlayer/pgfsyssoftpath.code.
tex
File: pgfsyssoftpath.code.tex 2013/09/09  (rcs-revision 1.9)
\pgfsyssoftpath@smallbuffer@items=\count110
\pgfsyssoftpath@bigbuffer@items=\count111
)
(/usr/share/texlive/texmf-dist/tex/generic/pgf/systemlayer/pgfsysprotocol.code.
tex
File: pgfsysprotocol.code.tex 2006/10/16  (rcs-revision 1.4)
)) (/usr/share/texlive/texmf-dist/tex/latex/xcolor/xcolor.sty
Package: xcolor 2007/01/21 v2.11 LaTeX color extensions (UK)

(/usr/share/texlive/texmf-dist/tex/latex/latexconfig/color.cfg
File: color.cfg 2007/01/18 v1.5 color configuration of teTeX/TeXLive
)
Package xcolor Info: Driver file: pdftex.def on input line 225.
Package xcolor Info: Model `cmy' substituted by `cmy0' on input line 1337.
Package xcolor Info: Model `hsb' substituted by `rgb' on input line 1341.
Package xcolor Info: Model `RGB' extended on input line 1353.
Package xcolor Info: Model `HTML' substituted by `rgb' on input line 1355.
Package xcolor Info: Model `Hsb' substituted by `hsb' on input line 1356.
Package xcolor Info: Model `tHsb' substituted by `hsb' on input line 1357.
Package xcolor Info: Model `HSB' substituted by `hsb' on input line 1358.
Package xcolor Info: Model `Gray' substituted by `gray' on input line 1359.
Package xcolor Info: Model `wave' substituted by `hsb' on input line 1360.
)
(/usr/share/texlive/texmf-dist/tex/generic/pgf/basiclayer/pgfcore.code.tex
Package: pgfcore 2010/04/11 v3.0.0 (rcs-revision 1.7)

(/usr/share/texlive/texmf-dist/tex/generic/pgf/math/pgfmath.code.tex
(/usr/share/texlive/texmf-dist/tex/generic/pgf/math/pgfmathcalc.code.tex
(/usr/share/texlive/texmf-dist/tex/generic/pgf/math/pgfmathutil.code.tex)
(/usr/share/texlive/texmf-dist/tex/generic/pgf/math/pgfmathparser.code.tex
\pgfmath@dimen=\dimen139
\pgfmath@count=\count112
\pgfmath@box=\box35
\pgfmath@toks=\toks23
\pgfmath@stack@operand=\toks24
\pgfmath@stack@operation=\toks25
)
(/usr/share/texlive/texmf-dist/tex/generic/pgf/math/pgfmathfunctions.code.tex
(/usr/share/texlive/texmf-dist/tex/generic/pgf/math/pgfmathfunctions.basic.code
.tex)
(/usr/share/texlive/texmf-dist/tex/generic/pgf/math/pgfmathfunctions.trigonomet
ric.code.tex)
(/usr/share/texlive/texmf-dist/tex/generic/pgf/math/pgfmathfunctions.random.cod
e.tex)
(/usr/share/texlive/texmf-dist/tex/generic/pgf/math/pgfmathfunctions.comparison
.code.tex)
(/usr/share/texlive/texmf-dist/tex/generic/pgf/math/pgfmathfunctions.base.code.
tex)
(/usr/share/texlive/texmf-dist/tex/generic/pgf/math/pgfmathfunctions.round.code
.tex)
(/usr/share/texlive/texmf-dist/tex/generic/pgf/math/pgfmathfunctions.misc.code.
tex)
(/usr/share/texlive/texmf-dist/tex/generic/pgf/math/pgfmathfunctions.integerari
thmetics.code.tex)))
(/usr/share/texlive/texmf-dist/tex/generic/pgf/math/pgfmathfloat.code.tex
\c@pgfmathroundto@lastzeros=\count113
))
(/usr/share/texlive/texmf-dist/tex/generic/pgf/basiclayer/pgfcorepoints.code.te
x
File: pgfcorepoints.code.tex 2013/10/07  (rcs-revision 1.27)
\pgf@picminx=\dimen140
\pgf@picmaxx=\dimen141
\pgf@picminy=\dimen142
\pgf@picmaxy=\dimen143
\pgf@pathminx=\dimen144
\pgf@pathmaxx=\dimen145
\pgf@pathminy=\dimen146
\pgf@pathmaxy=\dimen147
\pgf@xx=\dimen148
\pgf@xy=\dimen149
\pgf@yx=\dimen150
\pgf@yy=\dimen151
\pgf@zx=\dimen152
\pgf@zy=\dimen153
)
(/usr/share/texlive/texmf-dist/tex/generic/pgf/basiclayer/pgfcorepathconstruct.
code.tex
File: pgfcorepathconstruct.code.tex 2013/10/07  (rcs-revision 1.29)
\pgf@path@lastx=\dimen154
\pgf@path@lasty=\dimen155
)
(/usr/share/texlive/texmf-dist/tex/generic/pgf/basiclayer/pgfcorepathusage.code
.tex
File: pgfcorepathusage.code.tex 2013/12/13  (rcs-revision 1.23)
\pgf@shorten@end@additional=\dimen156
\pgf@shorten@start@additional=\dimen157
)
(/usr/share/texlive/texmf-dist/tex/generic/pgf/basiclayer/pgfcorescopes.code.te
x
File: pgfcorescopes.code.tex 2013/10/09  (rcs-revision 1.44)
\pgfpic=\box36
\pgf@hbox=\box37
\pgf@layerbox@main=\box38
\pgf@picture@serial@count=\count114
)
(/usr/share/texlive/texmf-dist/tex/generic/pgf/basiclayer/pgfcoregraphicstate.c
ode.tex
File: pgfcoregraphicstate.code.tex 2013/09/19  (rcs-revision 1.11)
\pgflinewidth=\dimen158
)
(/usr/share/texlive/texmf-dist/tex/generic/pgf/basiclayer/pgfcoretransformation
s.code.tex
File: pgfcoretransformations.code.tex 2013/10/10  (rcs-revision 1.17)
\pgf@pt@x=\dimen159
\pgf@pt@y=\dimen160
\pgf@pt@temp=\dimen161
)
(/usr/share/texlive/texmf-dist/tex/generic/pgf/basiclayer/pgfcorequick.code.tex
File: pgfcorequick.code.tex 2008/10/09  (rcs-revision 1.3)
)
(/usr/share/texlive/texmf-dist/tex/generic/pgf/basiclayer/pgfcoreobjects.code.t
ex
File: pgfcoreobjects.code.tex 2006/10/11  (rcs-revision 1.2)
)
(/usr/share/texlive/texmf-dist/tex/generic/pgf/basiclayer/pgfcorepathprocessing
.code.tex
File: pgfcorepathprocessing.code.tex 2013/09/09  (rcs-revision 1.9)
)
(/usr/share/texlive/texmf-dist/tex/generic/pgf/basiclayer/pgfcorearrows.code.te
x
File: pgfcorearrows.code.tex 2013/11/07  (rcs-revision 1.40)
\pgfarrowsep=\dimen162
)
(/usr/share/texlive/texmf-dist/tex/generic/pgf/basiclayer/pgfcoreshade.code.tex
File: pgfcoreshade.code.tex 2013/07/15  (rcs-revision 1.15)
\pgf@max=\dimen163
\pgf@sys@shading@range@num=\count115
)
(/usr/share/texlive/texmf-dist/tex/generic/pgf/basiclayer/pgfcoreimage.code.tex
File: pgfcoreimage.code.tex 2013/07/15  (rcs-revision 1.18)

(/usr/share/texlive/texmf-dist/tex/generic/pgf/basiclayer/pgfcoreexternal.code.
tex
File: pgfcoreexternal.code.tex 2013/07/15  (rcs-revision 1.20)
\pgfexternal@startupbox=\box39
))
(/usr/share/texlive/texmf-dist/tex/generic/pgf/basiclayer/pgfcorelayers.code.te
x
File: pgfcorelayers.code.tex 2013/07/18  (rcs-revision 1.7)
)
(/usr/share/texlive/texmf-dist/tex/generic/pgf/basiclayer/pgfcoretransparency.c
ode.tex
File: pgfcoretransparency.code.tex 2013/09/30  (rcs-revision 1.5)
)
(/usr/share/texlive/texmf-dist/tex/generic/pgf/basiclayer/pgfcorepatterns.code.
tex
File: pgfcorepatterns.code.tex 2013/11/07  (rcs-revision 1.5)
))) (/usr/share/texlive/texmf-dist/tex/latex/pgf/utilities/xxcolor.sty
Package: xxcolor 2003/10/24 ver 0.1
\XC@nummixins=\count116
\XC@countmixins=\count117
)
(/usr/share/texlive/texmf-dist/tex/generic/oberdiek/atbegshi.sty
Package: atbegshi 2011/10/05 v1.16 At begin shipout hook (HO)
)
(/usr/share/texlive/texmf-dist/tex/latex/hyperref/hyperref.sty
Package: hyperref 2012/11/06 v6.83m Hypertext links for LaTeX

(/usr/share/texlive/texmf-dist/tex/generic/oberdiek/hobsub-hyperref.sty
Package: hobsub-hyperref 2012/05/28 v1.13 Bundle oberdiek, subset hyperref (HO)


(/usr/share/texlive/texmf-dist/tex/generic/oberdiek/hobsub-generic.sty
Package: hobsub-generic 2012/05/28 v1.13 Bundle oberdiek, subset generic (HO)
Package: hobsub 2012/05/28 v1.13 Construct package bundles (HO)
Package hobsub Info: Skipping package `infwarerr' (already loaded).
Package hobsub Info: Skipping package `ltxcmds' (already loaded).
Package: ifluatex 2010/03/01 v1.3 Provides the ifluatex switch (HO)
Package ifluatex Info: LuaTeX not detected.
Package hobsub Info: Skipping package `ifvtex' (already loaded).
Package: intcalc 2007/09/27 v1.1 Expandable calculations with integers (HO)
Package hobsub Info: Skipping package `ifpdf' (already loaded).
Package: etexcmds 2011/02/16 v1.5 Avoid name clashes with e-TeX commands (HO)
Package etexcmds Info: Could not find \expanded.
(etexcmds)             That can mean that you are not using pdfTeX 1.50 or
(etexcmds)             that some package has redefined \expanded.
(etexcmds)             In the latter case, load this package earlier.
Package: kvsetkeys 2012/04/25 v1.16 Key value parser (HO)
Package: kvdefinekeys 2011/04/07 v1.3 Define keys (HO)
Package: pdftexcmds 2011/11/29 v0.20 Utility functions of pdfTeX for LuaTeX (HO
)
Package pdftexcmds Info: LuaTeX not detected.
Package pdftexcmds Info: \pdf@primitive is available.
Package pdftexcmds Info: \pdf@ifprimitive is available.
Package pdftexcmds Info: \pdfdraftmode found.
Package: pdfescape 2011/11/25 v1.13 Implements pdfTeX's escape features (HO)
Package: bigintcalc 2012/04/08 v1.3 Expandable calculations on big integers (HO
)
Package: bitset 2011/01/30 v1.1 Handle bit-vector datatype (HO)
Package: uniquecounter 2011/01/30 v1.2 Provide unlimited unique counter (HO)
)
Package hobsub Info: Skipping package `hobsub' (already loaded).
Package: letltxmacro 2010/09/02 v1.4 Let assignment for LaTeX macros (HO)
Package: hopatch 2012/05/28 v1.2 Wrapper for package hooks (HO)
Package: xcolor-patch 2011/01/30 xcolor patch
Package: atveryend 2011/06/30 v1.8 Hooks at the very end of document (HO)
Package atveryend Info: \enddocument detected (standard20110627).
Package hobsub Info: Skipping package `atbegshi' (already loaded).
Package: refcount 2011/10/16 v3.4 Data extraction from label references (HO)
Package: hycolor 2011/01/30 v1.7 Color options for hyperref/bookmark (HO)
)
(/usr/share/texlive/texmf-dist/tex/latex/oberdiek/auxhook.sty
Package: auxhook 2011/03/04 v1.3 Hooks for auxiliary files (HO)
)
(/usr/share/texlive/texmf-dist/tex/latex/oberdiek/kvoptions.sty
Package: kvoptions 2011/06/30 v3.11 Key value format for package options (HO)
)
\@linkdim=\dimen164
\Hy@linkcounter=\count118
\Hy@pagecounter=\count119

(/usr/share/texlive/texmf-dist/tex/latex/hyperref/pd1enc.def
File: pd1enc.def 2012/11/06 v6.83m Hyperref: PDFDocEncoding definition (HO)
)
\Hy@SavedSpaceFactor=\count120

(/usr/share/texlive/texmf-dist/tex/latex/latexconfig/hyperref.cfg
File: hyperref.cfg 2002/06/06 v1.2 hyperref configuration of TeXLive
)
Package hyperref Info: Option `bookmarks' set `true' on input line 4319.
Package hyperref Info: Option `bookmarksopen' set `true' on input line 4319.
Package hyperref Info: Option `pdfpagelabels' set `false' on input line 4319.
Package hyperref Info: Option `implicit' set `false' on input line 4319.
Package hyperref Info: Hyper figures OFF on input line 4443.
Package hyperref Info: Link nesting OFF on input line 4448.
Package hyperref Info: Hyper index ON on input line 4451.
Package hyperref Info: Plain pages OFF on input line 4458.
Package hyperref Info: Backreferencing OFF on input line 4463.
Package hyperref Info: Implicit mode OFF; no redefinition of LaTeX internals.
Package hyperref Info: Bookmarks ON on input line 4688.
\c@Hy@tempcnt=\count121

(/usr/share/texlive/texmf-dist/tex/latex/url/url.sty
\Urlmuskip=\muskip10
Package: url 2013/09/16  ver 3.4  Verb mode for urls, etc.
)
LaTeX Info: Redefining \url on input line 5041.
\XeTeXLinkMargin=\dimen165
\Fld@menulength=\count122
\Field@Width=\dimen166
\Fld@charsize=\dimen167
Package hyperref Info: Hyper figures OFF on input line 6295.
Package hyperref Info: Link nesting OFF on input line 6300.
Package hyperref Info: Hyper index ON on input line 6303.
Package hyperref Info: backreferencing OFF on input line 6310.
Package hyperref Info: Link coloring OFF on input line 6315.
Package hyperref Info: Link coloring with OCG OFF on input line 6320.
Package hyperref Info: PDF/A mode OFF on input line 6325.
LaTeX Info: Redefining \ref on input line 6365.
LaTeX Info: Redefining \pageref on input line 6369.


Package hyperref Message: Stopped early.

)

Package hyperref Message: Driver (autodetected): hpdftex.

(/usr/share/texlive/texmf-dist/tex/latex/hyperref/hpdftex.def
File: hpdftex.def 2012/11/06 v6.83m Hyperref driver for pdfTeX
\Fld@listcount=\count123
\c@bookmark@seq@number=\count124

(/usr/share/texlive/texmf-dist/tex/latex/oberdiek/rerunfilecheck.sty
Package: rerunfilecheck 2011/04/15 v1.7 Rerun checks for auxiliary files (HO)
Package uniquecounter Info: New unique counter `rerunfilecheck' on input line 2
82.
))
(/usr/share/texlive/texmf-dist/tex/latex/beamer/beamerbaserequires.sty
Package: beamerbaserequires 2010/05/01  (rcs-revision efa082c6111d)

(/usr/share/texlive/texmf-dist/tex/latex/beamer/beamerbasecompatibility.sty
Package: beamerbasecompatibility 2012/05/01  (rcs-revision 67c48b3b652d)
)
(/usr/share/texlive/texmf-dist/tex/latex/beamer/beamerbasefont.sty
Package: beamerbasefont 2013/10/18  (rcs-revision 72f39e01808a)

(/usr/share/texlive/texmf-dist/tex/latex/amsfonts/amssymb.sty
Package: amssymb 2013/01/14 v3.01 AMS font symbols

(/usr/share/texlive/texmf-dist/tex/latex/amsfonts/amsfonts.sty
Package: amsfonts 2013/01/14 v3.01 Basic AMSFonts support
\@emptytoks=\toks26
\symAMSa=\mathgroup4
\symAMSb=\mathgroup5
LaTeX Font Info:    Overwriting math alphabet `\mathfrak' in version `bold'
(Font)                  U/euf/m/n --> U/euf/b/n on input line 106.
))
(/usr/share/texlive/texmf-dist/tex/latex/sansmathaccent/sansmathaccent.sty
Package: sansmathaccent 2013/03/28

(/usr/share/texlive/texmf-dist/tex/latex/filehook/filehook.sty
Package: filehook 2011/10/12 v0.5d Hooks for input files
)))
(/usr/share/texlive/texmf-dist/tex/latex/beamer/beamerbasetranslator.sty
Package: beamerbasetranslator 2010/06/11  (rcs-revision 85fd1cc7fc42)

(/usr/share/texlive/texmf-dist/tex/latex/beamer/translator/translator.sty
Package: translator 2010/06/12 ver 1.10

(/usr/share/texlive/texmf-dist/tex/latex/beamer/translator/translator-language-
mappings.tex)))
(/usr/share/texlive/texmf-dist/tex/latex/beamer/beamerbasemisc.sty
Package: beamerbasemisc 2013/09/03  (rcs-revision a55719c41d85)
)
(/usr/share/texlive/texmf-dist/tex/latex/beamer/beamerbasetwoscreens.sty
Package: beamerbasetwoscreens 2010/05/01  (rcs-revision efa082c6111d)
)
(/usr/share/texlive/texmf-dist/tex/latex/beamer/beamerbaseoverlay.sty
Package: beamerbaseoverlay 2013/12/25  (rcs-revision f6bd5e3805da)
\beamer@argscount=\count125
\beamer@lastskipcover=\skip44
\beamer@trivlistdepth=\count126
)
(/usr/share/texlive/texmf-dist/tex/latex/beamer/beamerbasetitle.sty
Package: beamerbasetitle 2010/09/21  (rcs-revision f0446ed0b6ae)
)
(/usr/share/texlive/texmf-dist/tex/latex/beamer/beamerbasesection.sty
Package: beamerbasesection 2013/06/07  (rcs-revision 60b9fe0f342f)
\c@lecture=\count127
\c@part=\count128
\c@section=\count129
\c@subsection=\count130
\c@subsubsection=\count131
)
(/usr/share/texlive/texmf-dist/tex/latex/beamer/beamerbaseframe.sty
Package: beamerbaseframe 2013/10/02  (rcs-revision cdc8e9a3aaac)
\beamer@framebox=\box40
\beamer@frametitlebox=\box41
\beamer@zoombox=\box42
\beamer@zoomcount=\count132
\beamer@zoomframecount=\count133
\beamer@frametextheight=\dimen168
\c@subsectionslide=\count134
\beamer@frametopskip=\skip45
\beamer@framebottomskip=\skip46
\beamer@frametopskipautobreak=\skip47
\beamer@framebottomskipautobreak=\skip48
\beamer@envbody=\toks27
\framewidth=\dimen169
\c@framenumber=\count135
)
(/usr/share/texlive/texmf-dist/tex/latex/beamer/beamerbaseverbatim.sty
Package: beamerbaseverbatim 2012/08/30  (rcs-revision dfdb135076b3)
\beamer@verbatimfileout=\write4
)
(/usr/share/texlive/texmf-dist/tex/latex/beamer/beamerbaseframesize.sty
Package: beamerbaseframesize 2011/09/12  (rcs-revision 70f9d8411e54)
\beamer@splitbox=\box43
\beamer@autobreakcount=\count136
\beamer@autobreaklastheight=\dimen170
\beamer@frametitletoks=\toks28
\beamer@framesubtitletoks=\toks29
)
(/usr/share/texlive/texmf-dist/tex/latex/beamer/beamerbaseframecomponents.sty
Package: beamerbaseframecomponents 2013/10/18  (rcs-revision 5cf6c5555a45)
\beamer@footins=\box44
)
(/usr/share/texlive/texmf-dist/tex/latex/beamer/beamerbasecolor.sty
Package: beamerbasecolor 2010/06/06  (rcs-revision d1a9b48be06d)
)
(/usr/share/texlive/texmf-dist/tex/latex/beamer/beamerbasenotes.sty
Package: beamerbasenotes 2012/12/19  (rcs-revision 1686da3db3c9)
\beamer@frameboxcopy=\box45
)
(/usr/share/texlive/texmf-dist/tex/latex/beamer/beamerbasetoc.sty
Package: beamerbasetoc 2013/05/23  (rcs-revision 0fdf5bc43be8)
)
(/usr/share/texlive/texmf-dist/tex/latex/beamer/beamerbasetemplates.sty
Package: beamerbasetemplates 2010/05/01  (rcs-revision efa082c6111d)
\beamer@sbttoks=\toks30

(/usr/share/texlive/texmf-dist/tex/latex/beamer/beamerbaseauxtemplates.sty
Package: beamerbaseauxtemplates 2013/09/04  (rcs-revision 4ac715c499d0)

(/usr/share/texlive/texmf-dist/tex/latex/beamer/beamerbaseboxes.sty
Package: beamerbaseboxes 2012/05/13  (rcs-revision 56972908a390)
\bmb@box=\box46
\bmb@colorbox=\box47
\bmb@boxshadow=\box48
\bmb@boxshadowball=\box49
\bmb@boxshadowballlarge=\box50
\bmb@temp=\dimen171
\bmb@dima=\dimen172
\bmb@dimb=\dimen173
\bmb@prevheight=\dimen174
)
\beamer@blockheadheight=\dimen175
))
(/usr/share/texlive/texmf-dist/tex/latex/beamer/beamerbaselocalstructure.sty
Package: beamerbaselocalstructure 2013/09/04  (rcs-revision 4ac715c499d0)

(/usr/share/texlive/texmf-dist/tex/latex/tools/enumerate.sty
Package: enumerate 2014/10/28 v3.00 enumerate extensions (DPC)
\@enLab=\toks31
)
\c@figure=\count137
\c@table=\count138
\abovecaptionskip=\skip49
\belowcaptionskip=\skip50
)
(/usr/share/texlive/texmf-dist/tex/latex/beamer/beamerbasenavigation.sty
Package: beamerbasenavigation 2013/10/05  (rcs-revision 62be157fe783)
\beamer@section@min@dim=\dimen176
)
(/usr/share/texlive/texmf-dist/tex/latex/beamer/beamerbasetheorems.sty
Package: beamerbasetheorems 2010/06/06  (rcs-revision 7e7cc5e53e9d)

(/usr/share/texlive/texmf-dist/tex/latex/amsmath/amsmath.sty
Package: amsmath 2013/01/14 v2.14 AMS math features
\@mathmargin=\skip51

For additional information on amsmath, use the `?' option.
(/usr/share/texlive/texmf-dist/tex/latex/amsmath/amstext.sty
Package: amstext 2000/06/29 v2.01

(/usr/share/texlive/texmf-dist/tex/latex/amsmath/amsgen.sty
File: amsgen.sty 1999/11/30 v2.0
\@emptytoks=\toks32
\ex@=\dimen177
))
(/usr/share/texlive/texmf-dist/tex/latex/amsmath/amsbsy.sty
Package: amsbsy 1999/11/29 v1.2d
\pmbraise@=\dimen178
)
(/usr/share/texlive/texmf-dist/tex/latex/amsmath/amsopn.sty
Package: amsopn 1999/12/14 v2.01 operator names
)
\inf@bad=\count139
LaTeX Info: Redefining \frac on input line 210.
\uproot@=\count140
\leftroot@=\count141
LaTeX Info: Redefining \overline on input line 306.
\classnum@=\count142
\DOTSCASE@=\count143
LaTeX Info: Redefining \ldots on input line 378.
LaTeX Info: Redefining \dots on input line 381.
LaTeX Info: Redefining \cdots on input line 466.
\Mathstrutbox@=\box51
\strutbox@=\box52
\big@size=\dimen179
LaTeX Font Info:    Redeclaring font encoding OML on input line 566.
LaTeX Font Info:    Redeclaring font encoding OMS on input line 567.
\macc@depth=\count144
\c@MaxMatrixCols=\count145
\dotsspace@=\muskip11
\c@parentequation=\count146
\dspbrk@lvl=\count147
\tag@help=\toks33
\row@=\count148
\column@=\count149
\maxfields@=\count150
\andhelp@=\toks34
\eqnshift@=\dimen180
\alignsep@=\dimen181
\tagshift@=\dimen182
\tagwidth@=\dimen183
\totwidth@=\dimen184
\lineht@=\dimen185
\@envbody=\toks35
\multlinegap=\skip52
\multlinetaggap=\skip53
\mathdisplay@stack=\toks36
LaTeX Info: Redefining \[ on input line 2665.
LaTeX Info: Redefining \] on input line 2666.
)
(/usr/share/texlive/texmf-dist/tex/latex/amscls/amsthm.sty
Package: amsthm 2009/07/02 v2.20.1
\thm@style=\toks37
\thm@bodyfont=\toks38
\thm@headfont=\toks39
\thm@notefont=\toks40
\thm@headpunct=\toks41
\thm@preskip=\skip54
\thm@postskip=\skip55
\thm@headsep=\skip56
\dth@everypar=\toks42
)
\c@theorem=\count151
)
(/usr/share/texlive/texmf-dist/tex/latex/beamer/beamerbasethemes.sty
Package: beamerbasethemes 2010/05/01  (rcs-revision efa082c6111d)
))
(/usr/share/texlive/texmf-dist/tex/latex/beamer/themes/theme/beamerthemedefault
.sty
Package: beamerthemedefault 2010/06/17  (rcs-revision d02a7cf4d8ae)

(/usr/share/texlive/texmf-dist/tex/latex/beamer/themes/font/beamerfontthemedefa
ult.sty
Package: beamerfontthemedefault 2012/12/19  (rcs-revision 1686da3db3c9)
)
(/usr/share/texlive/texmf-dist/tex/latex/beamer/themes/color/beamercolorthemede
fault.sty
Package: beamercolorthemedefault 2012/12/19  (rcs-revision 1686da3db3c9)
)
(/usr/share/texlive/texmf-dist/tex/latex/beamer/themes/inner/beamerinnerthemede
fault.sty
Package: beamerinnerthemedefault 2013/10/15  (rcs-revision 65cb471f9634)
\beamer@dima=\dimen186
\beamer@dimb=\dimen187
)
(/usr/share/texlive/texmf-dist/tex/latex/beamer/themes/outer/beamerouterthemede
fault.sty
Package: beamerouterthemedefault 2012/12/19  (rcs-revision 1686da3db3c9)
))) (/usr/share/texmf/tex/latex/lm/lmodern.sty
Package: lmodern 2009/10/30 v1.6 Latin Modern Fonts
LaTeX Font Info:    Overwriting symbol font `operators' in version `normal'
(Font)                  OT1/cmr/m/n --> OT1/lmr/m/n on input line 22.
LaTeX Font Info:    Overwriting symbol font `letters' in version `normal'
(Font)                  OML/cmm/m/it --> OML/lmm/m/it on input line 23.
LaTeX Font Info:    Overwriting symbol font `symbols' in version `normal'
(Font)                  OMS/cmsy/m/n --> OMS/lmsy/m/n on input line 24.
LaTeX Font Info:    Overwriting symbol font `largesymbols' in version `normal'
(Font)                  OMX/cmex/m/n --> OMX/lmex/m/n on input line 25.
LaTeX Font Info:    Overwriting symbol font `operators' in version `bold'
(Font)                  OT1/cmr/bx/n --> OT1/lmr/bx/n on input line 26.
LaTeX Font Info:    Overwriting symbol font `letters' in version `bold'
(Font)                  OML/cmm/b/it --> OML/lmm/b/it on input line 27.
LaTeX Font Info:    Overwriting symbol font `symbols' in version `bold'
(Font)                  OMS/cmsy/b/n --> OMS/lmsy/b/n on input line 28.
LaTeX Font Info:    Overwriting symbol font `largesymbols' in version `bold'
(Font)                  OMX/cmex/m/n --> OMX/lmex/m/n on input line 29.
LaTeX Font Info:    Overwriting math alphabet `\mathbf' in version `normal'
(Font)                  OT1/cmr/bx/n --> OT1/lmr/bx/n on input line 31.
LaTeX Font Info:    Overwriting math alphabet `\mathsf' in version `normal'
(Font)                  OT1/cmss/m/n --> OT1/lmss/m/n on input line 32.
LaTeX Font Info:    Overwriting math alphabet `\mathit' in version `normal'
(Font)                  OT1/cmr/m/it --> OT1/lmr/m/it on input line 33.
LaTeX Font Info:    Overwriting math alphabet `\mathtt' in version `normal'
(Font)                  OT1/cmtt/m/n --> OT1/lmtt/m/n on input line 34.
LaTeX Font Info:    Overwriting math alphabet `\mathbf' in version `bold'
(Font)                  OT1/cmr/bx/n --> OT1/lmr/bx/n on input line 35.
LaTeX Font Info:    Overwriting math alphabet `\mathsf' in version `bold'
(Font)                  OT1/cmss/bx/n --> OT1/lmss/bx/n on input line 36.
LaTeX Font Info:    Overwriting math alphabet `\mathit' in version `bold'
(Font)                  OT1/cmr/bx/it --> OT1/lmr/bx/it on input line 37.
LaTeX Font Info:    Overwriting math alphabet `\mathtt' in version `bold'
(Font)                  OT1/cmtt/m/n --> OT1/lmtt/m/n on input line 38.
)
(/usr/share/texlive/texmf-dist/tex/latex/pgf/frontendlayer/tikz.sty
(/usr/share/texlive/texmf-dist/tex/latex/pgf/basiclayer/pgf.sty
Package: pgf 2013/12/18 v3.0.0 (rcs-revision 1.14)

(/usr/share/texlive/texmf-dist/tex/generic/pgf/modules/pgfmoduleshapes.code.tex
File: pgfmoduleshapes.code.tex 2013/10/31  (rcs-revision 1.34)
\pgfnodeparttextbox=\box53
) (/usr/share/texlive/texmf-dist/tex/generic/pgf/modules/pgfmoduleplot.code.tex
File: pgfmoduleplot.code.tex 2013/07/31  (rcs-revision 1.12)
)
(/usr/share/texlive/texmf-dist/tex/latex/pgf/compatibility/pgfcomp-version-0-65
.sty
Package: pgfcomp-version-0-65 2007/07/03 v3.0.0 (rcs-revision 1.7)
\pgf@nodesepstart=\dimen188
\pgf@nodesepend=\dimen189
)
(/usr/share/texlive/texmf-dist/tex/latex/pgf/compatibility/pgfcomp-version-1-18
.sty
Package: pgfcomp-version-1-18 2007/07/23 v3.0.0 (rcs-revision 1.1)
)) (/usr/share/texlive/texmf-dist/tex/latex/pgf/utilities/pgffor.sty
(/usr/share/texlive/texmf-dist/tex/latex/pgf/utilities/pgfkeys.sty
(/usr/share/texlive/texmf-dist/tex/generic/pgf/utilities/pgfkeys.code.tex))
(/usr/share/texlive/texmf-dist/tex/latex/pgf/math/pgfmath.sty
(/usr/share/texlive/texmf-dist/tex/generic/pgf/math/pgfmath.code.tex))
(/usr/share/texlive/texmf-dist/tex/generic/pgf/utilities/pgffor.code.tex
Package: pgffor 2013/12/13 v3.0.0 (rcs-revision 1.25)

(/usr/share/texlive/texmf-dist/tex/generic/pgf/math/pgfmath.code.tex)
\pgffor@iter=\dimen190
\pgffor@skip=\dimen191
\pgffor@stack=\toks43
\pgffor@toks=\toks44
))
(/usr/share/texlive/texmf-dist/tex/generic/pgf/frontendlayer/tikz/tikz.code.tex
Package: tikz 2013/12/13 v3.0.0 (rcs-revision 1.142)

(/usr/share/texlive/texmf-dist/tex/generic/pgf/libraries/pgflibraryplothandlers
.code.tex
File: pgflibraryplothandlers.code.tex 2013/08/31 v3.0.0 (rcs-revision 1.20)
\pgf@plot@mark@count=\count152
\pgfplotmarksize=\dimen192
)
\tikz@lastx=\dimen193
\tikz@lasty=\dimen194
\tikz@lastxsaved=\dimen195
\tikz@lastysaved=\dimen196
\tikzleveldistance=\dimen197
\tikzsiblingdistance=\dimen198
\tikz@figbox=\box54
\tikz@figbox@bg=\box55
\tikz@tempbox=\box56
\tikz@tempbox@bg=\box57
\tikztreelevel=\count153
\tikznumberofchildren=\count154
\tikznumberofcurrentchild=\count155
\tikz@fig@count=\count156

(/usr/share/texlive/texmf-dist/tex/generic/pgf/modules/pgfmodulematrix.code.tex
File: pgfmodulematrix.code.tex 2013/09/17  (rcs-revision 1.8)
\pgfmatrixcurrentrow=\count157
\pgfmatrixcurrentcolumn=\count158
\pgf@matrix@numberofcolumns=\count159
)
\tikz@expandcount=\count160

(/usr/share/texlive/texmf-dist/tex/generic/pgf/frontendlayer/tikz/libraries/tik
zlibrarytopaths.code.tex
File: tikzlibrarytopaths.code.tex 2008/06/17 v3.0.0 (rcs-revision 1.2)
)))
(/usr/share/texlive/texmf-dist/tex/latex/pgfplots/pgfplots.sty
(/usr/share/texlive/texmf-dist/tex/generic/pgfplots/pgfplots.revision.tex)
Package: pgfplots 2014/08/04 v1.11 Data Visualization (1.11-3-g4c99d7a)

(/usr/share/texlive/texmf-dist/tex/generic/pgfplots/pgfplots.code.tex
(/usr/share/texlive/texmf-dist/tex/generic/pgfplots/pgfplotscore.code.tex
\t@pgfplots@toka=\toks45
\t@pgfplots@tokb=\toks46
\t@pgfplots@tokc=\toks47
\pgfplots@tmpa=\dimen199
\c@pgfplots@coordindex=\count161
\c@pgfplots@scanlineindex=\count162

(/usr/share/texlive/texmf-dist/tex/generic/pgfplots/sys/pgfplotssysgeneric.code
.tex))
(/usr/share/texlive/texmf-dist/tex/generic/pgfplots/libs/pgfplotslibrary.code.t
ex)
(/usr/share/texlive/texmf-dist/tex/generic/pgfplots/oldpgfcompatib/pgfplotsoldp
gfsupp_loader.code.tex
(/usr/share/texlive/texmf-dist/tex/generic/pgf/libraries/pgflibraryfpu.code.tex
)
(/usr/share/texlive/texmf-dist/tex/generic/pgfplots/oldpgfcompatib/pgfplotsoldp
gfsupp_trig_format.code.tex))
(/usr/share/texlive/texmf-dist/tex/generic/pgfplots/util/pgfplotsutil.code.tex
(/usr/share/texlive/texmf-dist/tex/generic/pgfplots/liststructure/pgfplotslists
tructure.code.tex)
(/usr/share/texlive/texmf-dist/tex/generic/pgfplots/liststructure/pgfplotslists
tructureext.code.tex)
(/usr/share/texlive/texmf-dist/tex/generic/pgfplots/liststructure/pgfplotsarray
.code.tex
\c@pgfplotsarray@tmp=\count163
)
(/usr/share/texlive/texmf-dist/tex/generic/pgfplots/liststructure/pgfplotsmatri
x.code.tex)
(/usr/share/texlive/texmf-dist/tex/generic/pgfplots/numtable/pgfplotstableshare
d.code.tex
\c@pgfplotstable@counta=\count164
\t@pgfplotstable@a=\toks48
)
(/usr/share/texlive/texmf-dist/tex/generic/pgfplots/liststructure/pgfplotsdeque
.code.tex)
(/usr/share/texlive/texmf-dist/tex/generic/pgfplots/util/pgfplotsbinary.code.te
x
(/usr/share/texlive/texmf-dist/tex/generic/pgfplots/util/pgfplotsbinary.data.co
de.tex))
(/usr/share/texlive/texmf-dist/tex/generic/pgfplots/util/pgfplotsutil.verb.code
.tex)
(/usr/share/texlive/texmf-dist/tex/generic/pgfplots/libs/pgflibrarypgfplots.sur
fshading.code.tex
\c@pgfplotslibrarysurf@no=\count165

(/usr/share/texlive/texmf-dist/tex/generic/pgfplots/sys/pgflibrarypgfplots.surf
shading.pgfsys-pdftex.def)))
(/usr/share/texlive/texmf-dist/tex/generic/pgfplots/util/pgfplotscolormap.code.
tex
(/usr/share/texlive/texmf-dist/tex/generic/pgfplots/util/pgfplotscolor.code.tex
))
(/usr/share/texlive/texmf-dist/tex/generic/pgfplots/pgfplotsstackedplots.code.t
ex)
(/usr/share/texlive/texmf-dist/tex/generic/pgfplots/pgfplotsplothandlers.code.t
ex
(/usr/share/texlive/texmf-dist/tex/generic/pgfplots/pgfplotsmeshplothandler.cod
e.tex))
(/usr/share/texlive/texmf-dist/tex/generic/pgfplots/pgfplots.scaling.code.tex)
(/usr/share/texlive/texmf-dist/tex/generic/pgfplots/pgfplotscoordprocessing.cod
e.tex)
(/usr/share/texlive/texmf-dist/tex/generic/pgfplots/pgfplots.errorbars.code.tex
) (/usr/share/texlive/texmf-dist/tex/generic/pgfplots/pgfplots.markers.code.tex
) (/usr/share/texlive/texmf-dist/tex/generic/pgfplots/pgfplotsticks.code.tex)
(/usr/share/texlive/texmf-dist/tex/generic/pgfplots/pgfplots.paths.code.tex)
(/usr/share/texlive/texmf-dist/tex/generic/pgf/frontendlayer/tikz/libraries/tik
zlibrarydecorations.code.tex
(/usr/share/texlive/texmf-dist/tex/generic/pgf/modules/pgfmoduledecorations.cod
e.tex
\pgfdecoratedcompleteddistance=\dimen200
\pgfdecoratedremainingdistance=\dimen201
\pgfdecoratedinputsegmentcompleteddistance=\dimen202
\pgfdecoratedinputsegmentremainingdistance=\dimen203
\pgf@decorate@distancetomove=\dimen204
\pgf@decorate@repeatstate=\count166
\pgfdecorationsegmentamplitude=\dimen205
\pgfdecorationsegmentlength=\dimen206
)
\tikz@lib@dec@box=\box58
)
(/usr/share/texlive/texmf-dist/tex/generic/pgf/frontendlayer/tikz/libraries/tik
zlibrarydecorations.pathmorphing.code.tex
(/usr/share/texlive/texmf-dist/tex/generic/pgf/libraries/decorations/pgflibrary
decorations.pathmorphing.code.tex))
(/usr/share/texlive/texmf-dist/tex/generic/pgf/frontendlayer/tikz/libraries/tik
zlibrarydecorations.pathreplacing.code.tex
(/usr/share/texlive/texmf-dist/tex/generic/pgf/libraries/decorations/pgflibrary
decorations.pathreplacing.code.tex))
\pgfplots@numplots=\count167
\pgfplots@xmin@reg=\dimen207
\pgfplots@xmax@reg=\dimen208
\pgfplots@ymin@reg=\dimen209
\pgfplots@ymax@reg=\dimen210
\pgfplots@zmin@reg=\dimen211
\pgfplots@zmax@reg=\dimen212
)
(/usr/share/texlive/texmf-dist/tex/generic/pgf/frontendlayer/tikz/libraries/tik
zlibraryplotmarks.code.tex
File: tikzlibraryplotmarks.code.tex 2008/01/09 v3.0.0 (rcs-revision 1.1)

(/usr/share/texlive/texmf-dist/tex/generic/pgf/libraries/pgflibraryplotmarks.co
de.tex
File: pgflibraryplotmarks.code.tex 2013/07/20 v3.0.0 (rcs-revision 1.13)
))) (/usr/share/texlive/texmf-dist/tex/latex/gincltex/gincltex.sty
(/usr/share/texlive/texmf-dist/tex/latex/svn-prov/svn-prov.sty
Package: svn-prov 2010/04/24 v3.1862 Package Date/Version from SVN Keywords
)
Package: gincltex 2011/09/04 v0.3 Include external LaTeX files like graphics

(/usr/share/texlive/texmf-dist/tex/latex/adjustbox/adjustbox.sty
Package: adjustbox 2012/05/21 v1.0 Adjusting TeX boxes (trim, clip, ...)

(/usr/share/texlive/texmf-dist/tex/latex/xkeyval/xkeyval.sty
Package: xkeyval 2014/05/25 v2.7 package option processing (HA)

(/usr/share/texlive/texmf-dist/tex/generic/xkeyval/xkeyval.tex
(/usr/share/texlive/texmf-dist/tex/generic/xkeyval/xkvutils.tex
\XKV@toks=\toks49
\XKV@tempa@toks=\toks50
)
\XKV@depth=\count168
File: xkeyval.tex 2014/05/25 v2.7 key=value parser (HA)
))
(/usr/share/texlive/texmf-dist/tex/latex/adjustbox/adjcalc.sty
Package: adjcalc 2012/05/16 v1.1 Provides advanced setlength with multiple back
-ends (calc, etex, pgfmath)
)
(/usr/share/texlive/texmf-dist/tex/latex/adjustbox/trimclip.sty
Package: trimclip 2012/05/16 v1.0 Trim and clip general TeX material

(/usr/share/texlive/texmf-dist/tex/latex/collectbox/collectbox.sty
Package: collectbox 2012/05/17 v0.4b Collect macro arguments as boxes
\collectedbox=\box59
)
\tc@llx=\dimen213
\tc@lly=\dimen214
\tc@urx=\dimen215
\tc@ury=\dimen216
Package trimclip Info: Using driver 'tc-pdftex.def'.

(/usr/share/texlive/texmf-dist/tex/latex/adjustbox/tc-pdftex.def
File: tc-pdftex.def 2012/05/13 v1.0 Clipping driver for pdftex
))
\adjbox@Width=\dimen217
\adjbox@Height=\dimen218
\adjbox@Depth=\dimen219
\adjbox@Totalheight=\dimen220

(/usr/share/texlive/texmf-dist/tex/latex/ifoddpage/ifoddpage.sty
Package: ifoddpage 2011/09/13 v1.0 Conditionals for odd/even page detection
\c@checkoddpage=\count169
)
(/usr/share/texlive/texmf-dist/tex/latex/varwidth/varwidth.sty
Package: varwidth 2009/03/30 ver 0.92;  Variable-width minipages
\@vwid@box=\box60
\sift@deathcycles=\count170
\@vwid@loff=\dimen221
\@vwid@roff=\dimen222
))
\gincltex@box=\box61
)
(/usr/share/texlive/texmf-dist/tex/latex/oberdiek/epstopdf.sty
Package: epstopdf 2010/02/09 v2.5 Conversion with epstopdf on the fly (HO)

(/usr/share/texlive/texmf-dist/tex/latex/oberdiek/epstopdf-base.sty
Package: epstopdf-base 2010/02/09 v2.5 Base part for package epstopdf

(/usr/share/texlive/texmf-dist/tex/latex/oberdiek/grfext.sty
Package: grfext 2010/08/19 v1.1 Manage graphics extensions (HO)
)
Package grfext Info: Graphics extension search list:
(grfext)             [.png,.pdf,.jpg,.mps,.jpeg,.jbig2,.jb2,.PNG,.PDF,.JPG,.JPE
G,.JBIG2,.JB2,.eps]
(grfext)             \AppendGraphicsExtensions on input line 452.

(/usr/share/texlive/texmf-dist/tex/latex/latexconfig/epstopdf-sys.cfg
File: epstopdf-sys.cfg 2010/07/13 v1.3 Configuration of (r)epstopdf for TeX Liv
e
)))
(/usr/share/texlive/texmf-dist/tex/latex/algorithm2e/algorithm2e.sty
Package: algorithm2e 2013/01/06 v5.00 algorithms environments
\c@AlgoLine=\count171

(/usr/share/texlive/texmf-dist/tex/latex/base/ifthen.sty
Package: ifthen 2014/09/29 v1.1c Standard LaTeX ifthen package (DPC)
)
(/usr/share/texlive/texmf-dist/tex/latex/tools/xspace.sty
Package: xspace 2014/10/28 v1.13 Space after command names (DPC,MH)
)
(/usr/share/texlive/texmf-dist/tex/latex/relsize/relsize.sty
Package: relsize 2013/03/29 ver 4.1
)
********************************************************
Package `algorithm2e' Release 5.0 -- january 06 2013 --
- algorithm2e-announce@lirmm.fr mailing list for announcement about releases
- algorithm2e-discussion@lirmm.fr mailing list for discussion about package
subscribe by emailing sympa@lirmm.fr with 'subscribe <list> <firstname name>'
- Author: Christophe Fiorio (cfiorio@um2.fr)
********************************************************
\skiptotal=\skip57
\skiplinenumber=\skip58
\skiprule=\skip59
\skiphlne=\skip60
\skiptext=\skip61
\skiplength=\skip62
\algomargin=\skip63
\skipalgocfslide=\skip64
\algowidth=\dimen223
\inoutsize=\dimen224
\inoutindent=\dimen225
\interspacetitleruled=\dimen226
\interspacealgoruled=\dimen227
\interspacetitleboxruled=\dimen228
\algocf@inoutbox=\box62
\algocf@inputbox=\box63
\AlCapSkip=\skip65
\AlCapHSkip=\skip66
\algoskipindent=\skip67
\algocf@nlbox=\box64
\algocf@hangingbox=\box65
\algocf@untilbox=\box66
\algocf@skipuntil=\skip68
\algocf@capbox=\box67
\algoheightruledefault=\skip69
\algoheightrule=\skip70
\algotitleheightruledefault=\skip71
\algotitleheightrule=\skip72
\c@algocfline=\count172
\c@algocfproc=\count173
\c@algocf=\count174
\algocf@algoframe=\box68
\algocf@algobox=\box69
) (/usr/share/texlive/texmf-dist/tex/latex/setspace/setspace.sty
Package: setspace 2011/12/19 v6.7a set line spacing
)
(/usr/share/texlive/texmf-dist/tex/latex/listings/listings.sty
\lst@mode=\count175
\lst@gtempboxa=\box70
\lst@token=\toks51
\lst@length=\count176
\lst@currlwidth=\dimen229
\lst@column=\count177
\lst@pos=\count178
\lst@lostspace=\dimen230
\lst@width=\dimen231
\lst@newlines=\count179
\lst@lineno=\count180
\lst@maxwidth=\dimen232

(/usr/share/texlive/texmf-dist/tex/latex/listings/lstmisc.sty
File: lstmisc.sty 2014/09/06 1.5e (Carsten Heinz)
\c@lstnumber=\count181
\lst@skipnumbers=\count182
\lst@framebox=\box71
)
(/usr/share/texlive/texmf-dist/tex/latex/listings/listings.cfg
File: listings.cfg 2014/09/06 1.5e listings configuration
))
Package: listings 2014/09/06 1.5e (Carsten Heinz)

(/usr/share/texlive/texmf-dist/tex/latex/biblatex/biblatex.sty
Package: biblatex 2014/06/25 v2.9a programmable bibliographies (PK/JW/AB)

(/usr/share/texlive/texmf-dist/tex/latex/biblatex/biblatex2.sty
Package: biblatex2 2014/06/25 v2.9a programmable bibliographies (biber) (PK/JW/
AB)

(/usr/share/texlive/texmf-dist/tex/latex/etoolbox/etoolbox.sty
Package: etoolbox 2011/01/03 v2.1 e-TeX tools for LaTeX

(/usr/share/texlive/texmf-dist/tex/latex/etex-pkg/etex.sty
Package: etex 1998/03/26 v2.0 eTeX basic definition package (PEB)
\et@xins=\count183
)
\etb@tempcnta=\count184
)
(/usr/share/texlive/texmf-dist/tex/latex/logreq/logreq.sty
Package: logreq 2010/08/04 v1.0 xml request logger
\lrq@indent=\count185

(/usr/share/texlive/texmf-dist/tex/latex/logreq/logreq.def
File: logreq.def 2010/08/04 v1.0 logreq spec v1.0
))
\c@tabx@nest=\count186
\c@listtotal=\count187
\c@listcount=\count188
\c@liststart=\count189
\c@liststop=\count190
\c@citecount=\count191
\c@citetotal=\count192
\c@multicitecount=\count193
\c@multicitetotal=\count194
\c@instcount=\count195
\c@maxnames=\count196
\c@minnames=\count197
\c@maxitems=\count198
\c@minitems=\count199
\c@citecounter=\count200
\c@savedcitecounter=\count201
\c@uniquelist=\count202
\c@uniquename=\count203
\c@refsection=\count204
\c@refsegment=\count205
\c@maxextratitle=\count206
\c@maxextratitleyear=\count207
\c@maxextrayear=\count208
\c@maxextraalpha=\count209
\c@abbrvpenalty=\count210
\c@highnamepenalty=\count211
\c@lownamepenalty=\count212
\c@maxparens=\count213
\c@parenlevel=\count214
\blx@tempcnta=\count215
\blx@tempcntb=\count216
\blx@tempcntc=\count217
\blx@maxsection=\count218
\blx@maxsegment@0=\count219
\blx@notetype=\count220
\blx@parenlevel@text=\count221
\blx@parenlevel@foot=\count222
\blx@sectionciteorder@0=\count223
\labelnumberwidth=\skip73
\labelalphawidth=\skip74
\biblabelsep=\skip75
\bibitemsep=\skip76
\bibnamesep=\skip77
\bibinitsep=\skip78
\bibparsep=\skip79
\bibhang=\skip80
\blx@bcfin=\read2
\blx@bcfout=\write5
\c@mincomprange=\count224
\c@maxcomprange=\count225
\c@mincompwidth=\count226
Package biblatex Info: Trying to load biblatex default data model...
Package biblatex Info: ... file 'blx-dm.def' found.

(/usr/share/texlive/texmf-dist/tex/latex/biblatex/blx-dm.def)
Package biblatex Info: Trying to load biblatex style data model...
Package biblatex Info: ... file 'authoryear-comp.dbx' not found.
Package biblatex Info: Trying to load biblatex custom data model...
Package biblatex Info: ... file 'biblatex-dm.cfg' not found.
\c@afterword=\count227
\c@savedafterword=\count228
\c@annotator=\count229
\c@savedannotator=\count230
\c@author=\count231
\c@savedauthor=\count232
\c@bookauthor=\count233
Normal \count register pool exhausted, switching to extended pool.
\c@savedbookauthor=\count277
\c@commentator=\count278
\c@savedcommentator=\count279
\c@editor=\count280
\c@savededitor=\count281
\c@editora=\count282
\c@savededitora=\count283
\c@editorb=\count284
\c@savededitorb=\count285
\c@editorc=\count286
\c@savededitorc=\count287
\c@foreword=\count288
\c@savedforeword=\count289
\c@holder=\count290
\c@savedholder=\count291
\c@introduction=\count292
\c@savedintroduction=\count293
\c@namea=\count294
\c@savednamea=\count295
\c@nameb=\count296
\c@savednameb=\count297
\c@namec=\count298
\c@savednamec=\count299
\c@translator=\count300
\c@savedtranslator=\count301
\c@shortauthor=\count302
\c@savedshortauthor=\count303
\c@shorteditor=\count304
\c@savedshorteditor=\count305
\c@labelname=\count306
\c@savedlabelname=\count307
\c@institution=\count308
\c@savedinstitution=\count309
\c@lista=\count310
\c@savedlista=\count311
\c@listb=\count312
\c@savedlistb=\count313
\c@listc=\count314
\c@savedlistc=\count315
\c@listd=\count316
\c@savedlistd=\count317
\c@liste=\count318
\c@savedliste=\count319
\c@listf=\count320
\c@savedlistf=\count321
\c@location=\count322
\c@savedlocation=\count323
\c@organization=\count324
\c@savedorganization=\count325
\c@origlocation=\count326
\c@savedoriglocation=\count327
\c@origpublisher=\count328
\c@savedorigpublisher=\count329
\c@publisher=\count330
\c@savedpublisher=\count331
\c@language=\count332
\c@savedlanguage=\count333
\c@pageref=\count334
\c@savedpageref=\count335
\shorthandwidth=\skip81
\shortjournalwidth=\skip82
\shortserieswidth=\skip83
\shorttitlewidth=\skip84
\shortauthorwidth=\skip85
\shorteditorwidth=\skip86
Package biblatex Info: Trying to load compatibility code...
Package biblatex Info: ... file 'blx-compat.def' found.

(/usr/share/texlive/texmf-dist/tex/latex/biblatex/blx-compat.def
File: blx-compat.def 2014/06/25 v2.9a biblatex compatibility (PK/JW/AB)
)
Package biblatex Info: Trying to load generic definitions...
Package biblatex Info: ... file 'biblatex.def' found.

(/usr/share/texlive/texmf-dist/tex/latex/biblatex/biblatex.def
File: biblatex.def 
\c@textcitecount=\count336
\c@textcitetotal=\count337
\c@textcitemaxnames=\count338
\c@biburlnumpenalty=\count339
\c@biburlucpenalty=\count340
\c@biburllcpenalty=\count341
\c@smartand=\count342
)
Package biblatex Info: Trying to load bibliography style 'authoryear-comp'...
Package biblatex Info: ... file 'authoryear-comp.bbx' found.

(/usr/share/texlive/texmf-dist/tex/latex/biblatex/bbx/authoryear-comp.bbx
File: authoryear-comp.bbx 2014/06/25 v2.9a biblatex bibliography style (PK/JW/A
B)
Package biblatex Info: Trying to load bibliography style 'authoryear'...
Package biblatex Info: ... file 'authoryear.bbx' found.

(/usr/share/texlive/texmf-dist/tex/latex/biblatex/bbx/authoryear.bbx
File: authoryear.bbx 2014/06/25 v2.9a biblatex bibliography style (PK/JW/AB)
Package biblatex Info: Trying to load bibliography style 'standard'...
Package biblatex Info: ... file 'standard.bbx' found.

(/usr/share/texlive/texmf-dist/tex/latex/biblatex/bbx/standard.bbx
File: standard.bbx 2014/06/25 v2.9a biblatex bibliography style (PK/JW/AB)
\c@bbx:relatedcount=\count343
\c@bbx:relatedtotal=\count344
)))
Package biblatex Info: Trying to load citation style 'authoryear-comp'...
Package biblatex Info: ... file 'authoryear-comp.cbx' found.

(/usr/share/texlive/texmf-dist/tex/latex/biblatex/cbx/authoryear-comp.cbx
File: authoryear-comp.cbx 2014/06/25 v2.9a biblatex citation style (PK/JW/AB)
Package biblatex Info: Redefining '\cite'.
Package biblatex Info: Redefining '\parencite'.
Package biblatex Info: Redefining '\footcite'.
Package biblatex Info: Redefining '\footcitetext'.
Package biblatex Info: Redefining '\smartcite'.
Package biblatex Info: Redefining '\textcite'.
Package biblatex Info: Redefining '\textcites'.
Package biblatex Info: Redefining '\cites'.
Package biblatex Info: Redefining '\parencites'.
Package biblatex Info: Redefining '\footcites'.
Package biblatex Info: Redefining '\footcitetexts'.
Package biblatex Info: Redefining '\smartcites'.
)
Package biblatex Info: Trying to load configuration file...
Package biblatex Info: ... file 'biblatex.cfg' found.

(/usr/share/texlive/texmf-dist/tex/latex/biblatex/biblatex.cfg
File: biblatex.cfg 
)))
(/usr/share/texlive/texmf-dist/tex/latex/beamer/themes/theme/beamerthemeDresden
.sty
Package: beamerthemeDresden 2010/06/17  (rcs-revision d02a7cf4d8ae)

(/usr/share/texlive/texmf-dist/tex/latex/beamer/themes/outer/beamerouterthememi
niframes.sty
Package: beamerouterthememiniframes 2010/06/17  (rcs-revision d02a7cf4d8ae)
)
(/usr/share/texlive/texmf-dist/tex/latex/beamer/themes/color/beamercolorthemewh
ale.sty
Package: beamercolorthemewhale 2010/06/17  (rcs-revision d02a7cf4d8ae)
))
Package biblatex Info: Trying to load language 'english'...
Package biblatex Info: ... file 'english.lbx' found.
 (/usr/share/texlive/texmf-dist/tex/latex/biblatex/lbx/english.lbx
File: english.lbx 2014/06/25 v2.9a biblatex localization (PK/JW/AB)
)
\@quotelevel=\count345
\@quotereset=\count346

(./Thesis_presentation.aux)
\openout1 = `Thesis_presentation.aux'.

LaTeX Font Info:    Checking defaults for OML/cmm/m/it on input line 24.
LaTeX Font Info:    ... okay on input line 24.
LaTeX Font Info:    Checking defaults for T1/cmr/m/n on input line 24.
LaTeX Font Info:    ... okay on input line 24.
LaTeX Font Info:    Checking defaults for OT1/cmr/m/n on input line 24.
LaTeX Font Info:    ... okay on input line 24.
LaTeX Font Info:    Checking defaults for OMS/cmsy/m/n on input line 24.
LaTeX Font Info:    ... okay on input line 24.
LaTeX Font Info:    Checking defaults for OMX/cmex/m/n on input line 24.
LaTeX Font Info:    ... okay on input line 24.
LaTeX Font Info:    Checking defaults for U/cmr/m/n on input line 24.
LaTeX Font Info:    ... okay on input line 24.
LaTeX Font Info:    Checking defaults for PD1/pdf/m/n on input line 24.
LaTeX Font Info:    ... okay on input line 24.
LaTeX Font Info:    Try loading font information for OT1+lmss on input line 24.

 (/usr/share/texmf/tex/latex/lm/ot1lmss.fd
File: ot1lmss.fd 2009/10/30 v1.6 Font defs for Latin Modern
)
*geometry* driver: auto-detecting
*geometry* detected driver: pdftex
*geometry* verbose mode - [ preamble ] result:
* driver: pdftex
* paper: custom
* layout: <same size as paper>
* layoutoffset:(h,v)=(0.0pt,0.0pt)
* modes: includehead includefoot 
* h-part:(L,W,R)=(28.45274pt, 307.28987pt, 28.45274pt)
* v-part:(T,H,B)=(0.0pt, 273.14662pt, 0.0pt)
* \paperwidth=364.19536pt
* \paperheight=273.14662pt
* \textwidth=307.28987pt
* \textheight=244.6939pt
* \oddsidemargin=-43.81725pt
* \evensidemargin=-43.81725pt
* \topmargin=-72.26999pt
* \headheight=14.22636pt
* \headsep=0.0pt
* \topskip=11.0pt
* \footskip=14.22636pt
* \marginparwidth=4.0pt
* \marginparsep=10.0pt
* \columnsep=10.0pt
* \skip\footins=10.0pt plus 4.0pt minus 2.0pt
* \hoffset=0.0pt
* \voffset=0.0pt
* \mag=1000
* \@twocolumnfalse
* \@twosidefalse
* \@mparswitchfalse
* \@reversemarginfalse
* (1in=72.27pt=25.4mm, 1cm=28.453pt)

(/usr/share/texlive/texmf-dist/tex/context/base/supp-pdf.mkii
[Loading MPS to PDF converter (version 2006.09.02).]
\scratchcounter=\count347
\scratchdimen=\dimen233
\scratchbox=\box72
\nofMPsegments=\count348
\nofMParguments=\count349
\everyMPshowfont=\toks52
\MPscratchCnt=\count350
Normal \dimen register pool exhausted, switching to extended pool.
\MPscratchDim=\dimen256
\MPnumerator=\count351
\makeMPintoPDFobject=\count352
\everyMPtoPDFconversion=\toks53
) ABD: EveryShipout initializing macros
\AtBeginShipoutBox=\box73
Package hyperref Info: Link coloring OFF on input line 24.

(/usr/share/texlive/texmf-dist/tex/latex/hyperref/nameref.sty
Package: nameref 2012/10/27 v2.43 Cross-referencing by name of section

(/usr/share/texlive/texmf-dist/tex/generic/oberdiek/gettitlestring.sty
Package: gettitlestring 2010/12/03 v1.4 Cleanup title references (HO)
)
\c@section@level=\count353
)
LaTeX Info: Redefining \ref on input line 24.
LaTeX Info: Redefining \pageref on input line 24.
LaTeX Info: Redefining \nameref on input line 24.

(./Thesis_presentation.out) (./Thesis_presentation.out)
\@outlinefile=\write6
\openout6 = `Thesis_presentation.out'.

LaTeX Font Info:    Overwriting symbol font `operators' in version `normal'
(Font)                  OT1/lmr/m/n --> OT1/cmss/m/n on input line 24.
LaTeX Font Info:    Overwriting symbol font `operators' in version `bold'
(Font)                  OT1/lmr/bx/n --> OT1/cmss/bx/n on input line 24.
LaTeX Font Info:    Overwriting symbol font `operators' in version `normal'
(Font)                  OT1/cmss/m/n --> OT1/lmss/m/n on input line 24.
LaTeX Font Info:    Overwriting symbol font `operators' in version `bold'
(Font)                  OT1/cmss/bx/n --> OT1/lmss/bx/n on input line 24.
\symnumbers=\mathgroup6
\sympureletters=\mathgroup7
LaTeX Font Info:    Overwriting math alphabet `\mathrm' in version `normal'
(Font)                  OT1/lmss/m/n --> OT1/lmr/m/n on input line 24.
LaTeX Font Info:    Redeclaring math alphabet \mathbf on input line 24.
LaTeX Font Info:    Overwriting math alphabet `\mathbf' in version `normal'
(Font)                  OT1/lmr/bx/n --> OT1/lmss/bx/n on input line 24.
LaTeX Font Info:    Overwriting math alphabet `\mathbf' in version `bold'
(Font)                  OT1/lmr/bx/n --> OT1/lmss/bx/n on input line 24.
LaTeX Font Info:    Redeclaring math alphabet \mathsf on input line 24.
LaTeX Font Info:    Overwriting math alphabet `\mathsf' in version `normal'
(Font)                  OT1/lmss/m/n --> OT1/lmss/m/n on input line 24.
LaTeX Font Info:    Overwriting math alphabet `\mathsf' in version `bold'
(Font)                  OT1/lmss/bx/n --> OT1/lmss/m/n on input line 24.
LaTeX Font Info:    Redeclaring math alphabet \mathit on input line 24.
LaTeX Font Info:    Overwriting math alphabet `\mathit' in version `normal'
(Font)                  OT1/lmr/m/it --> OT1/lmss/m/it on input line 24.
LaTeX Font Info:    Overwriting math alphabet `\mathit' in version `bold'
(Font)                  OT1/lmr/bx/it --> OT1/lmss/m/it on input line 24.
LaTeX Font Info:    Redeclaring math alphabet \mathtt on input line 24.
LaTeX Font Info:    Overwriting math alphabet `\mathtt' in version `normal'
(Font)                  OT1/lmtt/m/n --> OT1/lmtt/m/n on input line 24.
LaTeX Font Info:    Overwriting math alphabet `\mathtt' in version `bold'
(Font)                  OT1/lmtt/m/n --> OT1/lmtt/m/n on input line 24.
LaTeX Font Info:    Overwriting symbol font `numbers' in version `bold'
(Font)                  OT1/lmss/m/n --> OT1/lmss/bx/n on input line 24.
LaTeX Font Info:    Overwriting symbol font `pureletters' in version `bold'
(Font)                  OT1/lmss/m/it --> OT1/lmss/bx/it on input line 24.
LaTeX Font Info:    Overwriting math alphabet `\mathrm' in version `bold'
(Font)                  OT1/lmss/bx/n --> OT1/lmr/bx/n on input line 24.
LaTeX Font Info:    Overwriting math alphabet `\mathbf' in version `bold'
(Font)                  OT1/lmss/bx/n --> OT1/lmss/bx/n on input line 24.
LaTeX Font Info:    Overwriting math alphabet `\mathsf' in version `bold'
(Font)                  OT1/lmss/m/n --> OT1/lmss/bx/n on input line 24.
LaTeX Font Info:    Overwriting math alphabet `\mathit' in version `bold'
(Font)                  OT1/lmss/m/it --> OT1/lmss/bx/it on input line 24.
LaTeX Font Info:    Overwriting math alphabet `\mathtt' in version `bold'
(Font)                  OT1/lmtt/m/n --> OT1/lmtt/bx/n on input line 24.

(/usr/share/texlive/texmf-dist/tex/latex/beamer/translator/dicts/translator-bas
ic-dictionary/translator-basic-dictionary-English.dict
Dictionary: translator-basic-dictionary, Language: English 
)
(/usr/share/texlive/texmf-dist/tex/latex/beamer/translator/dicts/translator-bib
liography-dictionary/translator-bibliography-dictionary-English.dict
Dictionary: translator-bibliography-dictionary, Language: English 
)
(/usr/share/texlive/texmf-dist/tex/latex/beamer/translator/dicts/translator-env
ironment-dictionary/translator-environment-dictionary-English.dict
Dictionary: translator-environment-dictionary, Language: English 
)
(/usr/share/texlive/texmf-dist/tex/latex/beamer/translator/dicts/translator-mon
ths-dictionary/translator-months-dictionary-English.dict
Dictionary: translator-months-dictionary, Language: English 
)
(/usr/share/texlive/texmf-dist/tex/latex/beamer/translator/dicts/translator-num
bers-dictionary/translator-numbers-dictionary-English.dict
Dictionary: translator-numbers-dictionary, Language: English 
)
(/usr/share/texlive/texmf-dist/tex/latex/beamer/translator/dicts/translator-the
orem-dictionary/translator-theorem-dictionary-English.dict
Dictionary: translator-theorem-dictionary, Language: English 
)
LaTeX Info: Redefining \includegraphics on input line 24.


Package pgfplots Warning: running in backwards compatibility mode (unsuitable t
ick labels; missing features). Consider writing \pgfplotsset{compat=1.11} into 
your preamble.
 on input line 24.

\c@lstlisting=\count354
Package biblatex Info: No input encoding detected.
(biblatex)             Assuming 'ascii'.
Package biblatex Info: Automatic encoding selection.
(biblatex)             Assuming data encoding 'ascii'.
\openout5 = `Thesis_presentation.bcf'.

Package biblatex Info: Trying to load bibliographic data...
Package biblatex Info: ... file 'Thesis_presentation.bbl' found.
(./Thesis_presentation.bbl)
Package biblatex Info: Reference section=0 on input line 24.
Package biblatex Info: Reference segment=0 on input line 24.
 (./Thesis_presentation.nav)
Overfull \hbox (1.84828pt too wide) detected at line 24
  [] [][][][][] [][][][][][][][][][][][][][][][] [][][][][][][][][][][][] [][][
][][][][][][][][][][][][][][][][][][] [][][][]  
 []


Overfull \hbox (1.84828pt too wide) has occurred while \output is active
  [] [][][][][] [][][][][][][][][][][][][][][][] [][][][][][][][][][][][] [][][
][][][][][][][][][][][][][][][][][][] [][][][]  
 []

[1{/var/lib/texmf/fonts/map/pdftex/updmap/pdftex.map}

]
(./Thesis_presentation.toc)
Overfull \hbox (1.84828pt too wide) has occurred while \output is active
  [] [][][][][] [][][][][][][][][][][][][][][][] [][][][][][][][][][][][] [][][
][][][][][][][][][][][][][][][][][][] [][][][]  
 []

[2

] (./Thesis_presentation.toc)
Overfull \hbox (1.84828pt too wide) has occurred while \output is active
  [] [][][][][] [][][][][][][][][][][][][][][][] [][][][][][][][][][][][] [][][
][][][][][][][][][][][][][][][][][][] [][][][]  
 []

[3

]
LaTeX Font Info:    Try loading font information for OML+lmm on input line 50.
 (/usr/share/texmf/tex/latex/lm/omllmm.fd
File: omllmm.fd 2009/10/30 v1.6 Font defs for Latin Modern
)
LaTeX Font Info:    Try loading font information for OMS+lmsy on input line 50.


(/usr/share/texmf/tex/latex/lm/omslmsy.fd
File: omslmsy.fd 2009/10/30 v1.6 Font defs for Latin Modern
)
LaTeX Font Info:    Try loading font information for OMX+lmex on input line 50.


(/usr/share/texmf/tex/latex/lm/omxlmex.fd
File: omxlmex.fd 2009/10/30 v1.6 Font defs for Latin Modern
)
LaTeX Font Info:    External font `lmex10' loaded for size
(Font)              <8> on input line 50.
LaTeX Font Info:    External font `lmex10' loaded for size
(Font)              <6> on input line 50.
LaTeX Font Info:    External font `lmex10' loaded for size
(Font)              <5> on input line 50.
LaTeX Font Info:    Try loading font information for U+msa on input line 50.

(/usr/share/texlive/texmf-dist/tex/latex/amsfonts/umsa.fd
File: umsa.fd 2013/01/14 v3.01 AMS symbols A
)
LaTeX Font Info:    Try loading font information for U+msb on input line 50.

(/usr/share/texlive/texmf-dist/tex/latex/amsfonts/umsb.fd
File: umsb.fd 2013/01/14 v3.01 AMS symbols B
)
LaTeX Font Info:    Font shape `OT1/lmss/m/it' in size <8> not available
(Font)              Font shape `OT1/lmss/m/sl' tried instead on input line 50.
LaTeX Font Info:    Font shape `OT1/lmss/m/it' in size <6> not available
(Font)              Font shape `OT1/lmss/m/sl' tried instead on input line 50.
LaTeX Font Info:    Font shape `OT1/lmss/m/it' in size <5> not available
(Font)              Font shape `OT1/lmss/m/sl' tried instead on input line 50.
LaTeX Font Info:    Font shape `OT1/lmss/m/it' in size <10.95> not available
(Font)              Font shape `OT1/lmss/m/sl' tried instead on input line 50.
LaTeX Font Info:    External font `lmex10' loaded for size
(Font)              <10.95> on input line 50.
LaTeX Font Info:    External font `lmex10' loaded for size
(Font)              <14.4> on input line 50.
LaTeX Font Info:    External font `lmex10' loaded for size
(Font)              <10> on input line 50.
LaTeX Font Info:    External font `lmex10' loaded for size
(Font)              <7> on input line 50.
LaTeX Font Info:    Font shape `OT1/lmss/m/it' in size <14.4> not available
(Font)              Font shape `OT1/lmss/m/sl' tried instead on input line 50.
LaTeX Font Info:    Font shape `OT1/lmss/m/it' in size <10> not available
(Font)              Font shape `OT1/lmss/m/sl' tried instead on input line 50.
LaTeX Font Info:    Font shape `OT1/lmss/m/it' in size <7> not available
(Font)              Font shape `OT1/lmss/m/sl' tried instead on input line 50.
LaTeX Font Info:    External font `lmex10' loaded for size
(Font)              <9> on input line 50.
LaTeX Font Info:    Font shape `OT1/lmss/m/it' in size <9> not available
(Font)              Font shape `OT1/lmss/m/sl' tried instead on input line 50.

Overfull \hbox (1.84828pt too wide) has occurred while \output is active
  [] [][][][][] [][][][][][][][][][][][][][][][] [][][][][][][][][][][][] [][][
][][][][][][][][][][][][][][][][][][] [][][][]  
 []

[4

]
Overfull \hbox (1.84828pt too wide) has occurred while \output is active
  [] [][][][][] [][][][][][][][][][][][][][][][] [][][][][][][][][][][][] [][][
][][][][][][][][][][][][][][][][][][] [][][][]  
 []

[5

]
Overfull \hbox (1.84828pt too wide) has occurred while \output is active
  [] [][][][][] [][][][][][][][][][][][][][][][] [][][][][][][][][][][][] [][][
][][][][][][][][][][][][][][][][][][] [][][][]  
 []

[6

]
Overfull \hbox (1.84828pt too wide) has occurred while \output is active
  [] [][][][][] [][][][][][][][][][][][][][][][] [][][][][][][][][][][][] [][][
][][][][][][][][][][][][][][][][][][] [][][][]  
 []

[7

]
Overfull \hbox (1.84828pt too wide) has occurred while \output is active
  [] [][][][][] [][][][][][][][][][][][][][][][] [][][][][][][][][][][][] [][][
][][][][][][][][][][][][][][][][][][] [][][][]  
 []

[8

]
Overfull \hbox (1.84828pt too wide) has occurred while \output is active
  [] [][][][][] [][][][][][][][][][][][][][][][] [][][][][][][][][][][][] [][][
][][][][][][][][][][][][][][][][][][] [][][][]  
 []

[9

]
Overfull \hbox (1.84828pt too wide) has occurred while \output is active
  [] [][][][][] [][][][][][][][][][][][][][][][] [][][][][][][][][][][][] [][][
][][][][][][][][][][][][][][][][][][] [][][][]  
 []

[10

]
Overfull \hbox (1.84828pt too wide) has occurred while \output is active
  [] [][][][][] [][][][][][][][][][][][][][][][] [][][][][][][][][][][][] [][][
][][][][][][][][][][][][][][][][][][] [][][][]  
 []

[11

]
Overfull \hbox (1.84828pt too wide) has occurred while \output is active
  [] [][][][][] [][][][][][][][][][][][][][][][] [][][][][][][][][][][][] [][][
][][][][][][][][][][][][][][][][][][] [][][][]  
 []

[12

] (./Thesis_presentation.toc)
Overfull \hbox (1.84828pt too wide) has occurred while \output is active
  [] [][][][][] [][][][][][][][][][][][][][][][] [][][][][][][][][][][][] [][][
][][][][][][][][][][][][][][][][][][] [][][][]  
 []

[13

]
Overfull \hbox (1.84828pt too wide) has occurred while \output is active
  [] [][][][][] [][][][][][][][][][][][][][][][] [][][][][][][][][][][][] [][][
][][][][][][][][][][][][][][][][][][] [][][][]  
 []

[14

] (../img/centralized.tex
\du=\skip87
)
File: ../img/centralized.tex Graphic file (type tex)

Overfull \vbox (13.33806pt too high) detected at line 128
 []


Overfull \hbox (1.84828pt too wide) has occurred while \output is active
  [] [][][][][] [][][][][][][][][][][][][][][][] [][][][][][][][][][][][] [][][
][][][][][][][][][][][][][][][][][][] [][][][]  
 []

[15

]
Overfull \hbox (1.84828pt too wide) has occurred while \output is active
  [] [][][][][] [][][][][][][][][][][][][][][][] [][][][][][][][][][][][] [][][
][][][][][][][][][][][][][][][][][][] [][][][]  
 []

[16

]
Overfull \hbox (1.84828pt too wide) has occurred while \output is active
  [] [][][][][] [][][][][][][][][][][][][][][][] [][][][][][][][][][][][] [][][
][][][][][][][][][][][][][][][][][][] [][][][]  
 []

[17

]
Overfull \hbox (1.84828pt too wide) has occurred while \output is active
  [] [][][][][] [][][][][][][][][][][][][][][][] [][][][][][][][][][][][] [][][
][][][][][][][][][][][][][][][][][][] [][][][]  
 []

[18

]
LaTeX Font Info:    External font `lmex10' loaded for size
(Font)              <12> on input line 223.
LaTeX Font Info:    Font shape `OT1/lmss/m/it' in size <12> not available
(Font)              Font shape `OT1/lmss/m/sl' tried instead on input line 223.


Overfull \vbox (24.89023pt too high) detected at line 223
 []


Overfull \hbox (1.84828pt too wide) has occurred while \output is active
  [] [][][][][] [][][][][][][][][][][][][][][][] [][][][][][][][][][][][] [][][
][][][][][][][][][][][][][][][][][][] [][][][]  
 []

[19

] (../img/convex_hull.tex
LaTeX Font Info:    External font `lmex10' loaded for size
(Font)              <20.74> on input line 182.
LaTeX Font Info:    Font shape `OT1/lmss/m/it' in size <20.74> not available
(Font)              Font shape `OT1/lmss/m/sl' tried instead on input line 182.

)
File: ../img/convex_hull.tex Graphic file (type tex)

Overfull \vbox (19.51215pt too high) detected at line 239
 []


Overfull \hbox (1.84828pt too wide) has occurred while \output is active
  [] [][][][][] [][][][][][][][][][][][][][][][] [][][][][][][][][][][][] [][][
][][][][][][][][][][][][][][][][][][] [][][][]  
 []

[20

]
LaTeX Font Info:    Try loading font information for OT1+lmtt on input line 375
.
 (/usr/share/texmf/tex/latex/lm/ot1lmtt.fd
File: ot1lmtt.fd 2009/10/30 v1.6 Font defs for Latin Modern
) [21

]
Overfull \vbox (2.59148pt too high) detected at line 392
 []


Overfull \hbox (1.84828pt too wide) has occurred while \output is active
  [] [][][][][] [][][][][][][][][][][][][][][][] [][][][][][][][][][][][] [][][
][][][][][][][][][][][][][][][][][][] [][][][]  
 []

[22

]
Overfull \hbox (1.84828pt too wide) has occurred while \output is active
  [] [][][][][] [][][][][][][][][][][][][][][][] [][][][][][][][][][][][] [][][
][][][][][][][][][][][][][][][][][][] [][][][]  
 []

[23

]
Overfull \hbox (1.84828pt too wide) has occurred while \output is active
  [] [][][][][] [][][][][][][][][][][][][][][][] [][][][][][][][][][][][] [][][
][][][][][][][][][][][][][][][][][][] [][][][]  
 []

[24

]
Overfull \hbox (1.84828pt too wide) has occurred while \output is active
  [] [][][][][] [][][][][][][][][][][][][][][][] [][][][][][][][][][][][] [][][
][][][][][][][][][][][][][][][][][][] [][][][]  
 []

[25

]
Overfull \hbox (1.84828pt too wide) has occurred while \output is active
  [] [][][][][] [][][][][][][][][][][][][][][][] [][][][][][][][][][][][] [][][
][][][][][][][][][][][][][][][][][][] [][][][]  
 []

[26

]
Overfull \hbox (12.40804pt too wide) in paragraph at lines 495--495
[]  
 []


Overfull \hbox (7.47592pt too wide) in paragraph at lines 495--495
[]  
 []


Overfull \hbox (1.84828pt too wide) has occurred while \output is active
  [] [][][][][] [][][][][][][][][][][][][][][][] [][][][][][][][][][][][] [][][
][][][][][][][][][][][][][][][][][][] [][][][]  
 []

[27

]
Overfull \hbox (1.84828pt too wide) has occurred while \output is active
  [] [][][][][] [][][][][][][][][][][][][][][][] [][][][][][][][][][][][] [][][
][][][][][][][][][][][][][][][][][][] [][][][]  
 []

[28

] (./Thesis_presentation.toc)
Overfull \hbox (1.84828pt too wide) has occurred while \output is active
  [] [][][][][] [][][][][][][][][][][][][][][][] [][][][][][][][][][][][] [][][
][][][][][][][][][][][][][][][][][][] [][][][]  
 []

[29

]
Overfull \hbox (1.84828pt too wide) has occurred while \output is active
  [] [][][][][] [][][][][][][][][][][][][][][][] [][][][][][][][][][][][] [][][
][][][][][][][][][][][][][][][][][][] [][][][]  
 []

[30

]
Overfull \hbox (1.84828pt too wide) has occurred while \output is active
  [] [][][][][] [][][][][][][][][][][][][][][][] [][][][][][][][][][][][] [][][
][][][][][][][][][][][][][][][][][][] [][][][]  
 []

[31

]
Overfull \hbox (1.84828pt too wide) has occurred while \output is active
  [] [][][][][] [][][][][][][][][][][][][][][][] [][][][][][][][][][][][] [][][
][][][][][][][][][][][][][][][][][][] [][][][]  
 []

[32

]
Overfull \hbox (1.84828pt too wide) has occurred while \output is active
  [] [][][][][] [][][][][][][][][][][][][][][][] [][][][][][][][][][][][] [][][
][][][][][][][][][][][][][][][][][][] [][][][]  
 []

[33

] [34

]
<../img/distoptpair_example_detail_edited.jpeg, id=3063, 906.38625pt x 705.6362
5pt>
File: ../img/distoptpair_example_detail_edited.jpeg Graphic file (type jpg)
 <use ../img/distoptpair_example_detail_edited.jpeg>
Package pdftex.def Info: ../img/distoptpair_example_detail_edited.jpeg used on 
input line 635.
(pdftex.def)             Requested size: 199.40558pt x 155.24045pt.

Overfull \hbox (15.02979pt too wide) in paragraph at lines 635--635
 [][] 
 []


Overfull \vbox (4.35428pt too high) detected at line 635
 []


Overfull \hbox (1.84828pt too wide) has occurred while \output is active
  [] [][][][][] [][][][][][][][][][][][][][][][] [][][][][][][][][][][][] [][][
][][][][][][][][][][][][][][][][][][] [][][][]  
 []

[35

 <../img/distoptpair_example_detail_edited.jpeg>]
Overfull \hbox (1.84828pt too wide) has occurred while \output is active
  [] [][][][][] [][][][][][][][][][][][][][][][] [][][][][][][][][][][][] [][][
][][][][][][][][][][][][][][][][][][] [][][][]  
 []

[36

]
Overfull \hbox (170.80911pt too wide) in paragraph at lines 675--675
[] 
 []


Overfull \hbox (32.48792pt too wide) in paragraph at lines 675--675
[]  
 []


Overfull \hbox (1.84828pt too wide) has occurred while \output is active
  [] [][][][][] [][][][][][][][][][][][][][][][] [][][][][][][][][][][][] [][][
][][][][][][][][][][][][][][][][][][] [][][][]  
 []

[37

] [38

] (../img/classic_balancing.tex)
File: ../img/classic_balancing.tex Graphic file (type tex)

Overfull \hbox (2.41425pt too wide) in paragraph at lines 751--751
 [] 
 []

(../img/heuristic_balancing.tex)
File: ../img/heuristic_balancing.tex Graphic file (type tex)

Overfull \hbox (2.41425pt too wide) in paragraph at lines 751--751
 [] 
 []


Overfull \vbox (7.95929pt too high) detected at line 751
 []


Overfull \hbox (1.84828pt too wide) has occurred while \output is active
  [] [][][][][] [][][][][][][][][][][][][][][][] [][][][][][][][][][][][] [][][
][][][][][][][][][][][][][][][][][][] [][][][]  
 []

[39

] <../img/savgol.pdf, id=3432, 650.43pt x 505.89pt>
File: ../img/savgol.pdf Graphic file (type pdf)
 <use ../img/savgol.pdf>
Package pdftex.def Info: ../img/savgol.pdf used on input line 764.
(pdftex.def)             Requested size: 195.1305pt x 151.76816pt.

Overfull \vbox (12.37213pt too high) detected at line 764
 []


Overfull \hbox (1.84828pt too wide) has occurred while \output is active
  [] [][][][][] [][][][][][][][][][][][][][][][] [][][][][][][][][][][][] [][][
][][][][][][][][][][][][][][][][][][] [][][][]  
 []

[40

 <../img/savgol.pdf>] (./Thesis_presentation.toc)
Overfull \hbox (1.84828pt too wide) has occurred while \output is active
  [] [][][][][] [][][][][][][][][][][][][][][][] [][][][][][][][][][][][] [][][
][][][][][][][][][][][][][][][][][][] [][][][]  
 []

[41

]
Overfull \hbox (1.84828pt too wide) has occurred while \output is active
  [] [][][][][] [][][][][][][][][][][][][][][][] [][][][][][][][][][][][] [][][
][][][][][][][][][][][][][][][][][][] [][][][]  
 []

[42

]
Overfull \hbox (1.84828pt too wide) has occurred while \output is active
  [] [][][][][] [][][][][][][][][][][][][][][][] [][][][][][][][][][][][] [][][
][][][][][][][][][][][][][][][][][][] [][][][]  
 []

[43

] <../img/linear1D20N_streams.pdf, id=3801, 650.43pt x 505.89pt>
File: ../img/linear1D20N_streams.pdf Graphic file (type pdf)

<use ../img/linear1D20N_streams.pdf>
Package pdftex.def Info: ../img/linear1D20N_streams.pdf used on input line 825.

(pdftex.def)             Requested size: 104.07092pt x 80.94405pt.

Overfull \hbox (5.73592pt too wide) in paragraph at lines 825--825
 [] 
 []

<../img/interweaving1D20N_streams.pdf, id=3802, 650.43pt x 505.89pt>
File: ../img/interweaving1D20N_streams.pdf Graphic file (type pdf)

<use ../img/interweaving1D20N_streams.pdf>
Package pdftex.def Info: ../img/interweaving1D20N_streams.pdf used on input lin
e 825.
(pdftex.def)             Requested size: 104.07092pt x 80.94405pt.

Overfull \hbox (5.73592pt too wide) in paragraph at lines 825--825
 [] 
 []

<../img/noisyinterweaving1D20N_streams.pdf, id=3803, 650.43pt x 505.89pt>
File: ../img/noisyinterweaving1D20N_streams.pdf Graphic file (type pdf)

<use ../img/noisyinterweaving1D20N_streams.pdf>
Package pdftex.def Info: ../img/noisyinterweaving1D20N_streams.pdf used on inpu
t line 825.
(pdftex.def)             Requested size: 104.07092pt x 80.94405pt.

Overfull \hbox (5.73592pt too wide) in paragraph at lines 825--825
 [] 
 []


Overfull \hbox (1.84828pt too wide) has occurred while \output is active
  [] [][][][][] [][][][][][][][][][][][][][][][] [][][][][][][][][][][][] [][][
][][][][][][][][][][][][][][][][][][] [][][][]  
 []

[44

 <../img/linear1D20N_streams.pdf> <../img/interweaving1D20N_streams.pdf

pdfTeX warning: pdflatex (file ../img/interweaving1D20N_streams.pdf): PDF inclu
sion: multiple pdfs with page group included in a single page
> <../img/noisyinterweaving1D20N_streams.pdf

pdfTeX warning: pdflatex (file ../img/noisyinterweaving1D20N_streams.pdf): PDF 
inclusion: multiple pdfs with page group included in a single page
>]
Overfull \hbox (1.84828pt too wide) has occurred while \output is active
  [] [][][][][] [][][][][][][][][][][][][][][][] [][][][][][][][][][][][] [][][
][][][][][][][][][][][][][][][][][][] [][][][]  
 []

[45

] <../img/AT_NO2_NO_2014_8N_streams.pdf, id=3997, 650.43pt x 505.89pt>
File: ../img/AT_NO2_NO_2014_8N_streams.pdf Graphic file (type pdf)

<use ../img/AT_NO2_NO_2014_8N_streams.pdf>
Package pdftex.def Info: ../img/AT_NO2_NO_2014_8N_streams.pdf used on input lin
e 854.
(pdftex.def)             Requested size: 130.0837pt x 101.1762pt.

<../img/AT_NO2_sq_2014_8N_streams.pdf, id=3998, 650.43pt x 505.89pt>
File: ../img/AT_NO2_sq_2014_8N_streams.pdf Graphic file (type pdf)

<use ../img/AT_NO2_sq_2014_8N_streams.pdf>
Package pdftex.def Info: ../img/AT_NO2_sq_2014_8N_streams.pdf used on input lin
e 854.
(pdftex.def)             Requested size: 130.0837pt x 101.1762pt.

Overfull \hbox (1.84828pt too wide) has occurred while \output is active
  [] [][][][][] [][][][][][][][][][][][][][][][] [][][][][][][][][][][][] [][][
][][][][][][][][][][][][][][][][][][] [][][][]  
 []

[46

 <../img/AT_NO2_NO_2014_8N_streams.pdf> <../img/AT_NO2_sq_2014_8N_streams.pdf

pdfTeX warning: pdflatex (file ../img/AT_NO2_sq_2014_8N_streams.pdf): PDF inclu
sion: multiple pdfs with page group included in a single page
>] <../img/matching_msg_linear.pdf, id=4105, 650.43pt x 505.89pt>
File: ../img/matching_msg_linear.pdf Graphic file (type pdf)

<use ../img/matching_msg_linear.pdf>
Package pdftex.def Info: ../img/matching_msg_linear.pdf used on input line 866.

(pdftex.def)             Requested size: 195.1305pt x 151.76816pt.

Overfull \vbox (8.20134pt too high) detected at line 866
 []


Overfull \hbox (1.84828pt too wide) has occurred while \output is active
  [] [][][][][] [][][][][][][][][][][][][][][][] [][][][][][][][][][][][] [][][
][][][][][][][][][][][][][][][][][][] [][][][]  
 []

[47

 <../img/matching_msg_linear.pdf>]
<../img/matching_msg_interweaving.pdf, id=4201, 650.43pt x 505.89pt>
File: ../img/matching_msg_interweaving.pdf Graphic file (type pdf)

<use ../img/matching_msg_interweaving.pdf>
Package pdftex.def Info: ../img/matching_msg_interweaving.pdf used on input lin
e 875.
(pdftex.def)             Requested size: 195.1305pt x 151.76816pt.

Overfull \vbox (8.20134pt too high) detected at line 875
 []


Overfull \hbox (1.84828pt too wide) has occurred while \output is active
  [] [][][][][] [][][][][][][][][][][][][][][][] [][][][][][][][][][][][] [][][
][][][][][][][][][][][][][][][][][][] [][][][]  
 []

[48

 <../img/matching_msg_interweaving.pdf>]
<../img/matching_msg_noisyinterweaving.pdf, id=4296, 650.43pt x 505.89pt>
File: ../img/matching_msg_noisyinterweaving.pdf Graphic file (type pdf)

<use ../img/matching_msg_noisyinterweaving.pdf>
Package pdftex.def Info: ../img/matching_msg_noisyinterweaving.pdf used on inpu
t line 884.
(pdftex.def)             Requested size: 195.1305pt x 151.76816pt.

Overfull \vbox (8.20134pt too high) detected at line 884
 []


Overfull \hbox (1.84828pt too wide) has occurred while \output is active
  [] [][][][][] [][][][][][][][][][][][][][][][] [][][][][][][][][][][][] [][][
][][][][][][][][][][][][][][][][][][] [][][][]  
 []

[49

 <../img/matching_msg_noisyinterweaving.pdf>]
<../img/matchings_matchings_linear.pdf, id=4392, 722.7pt x 361.35pt>
File: ../img/matchings_matchings_linear.pdf Graphic file (type pdf)

<use ../img/matchings_matchings_linear.pdf>
Package pdftex.def Info: ../img/matchings_matchings_linear.pdf used on input li
ne 893.
(pdftex.def)             Requested size: 289.07487pt x 144.53743pt.

Overfull \vbox (10.75652pt too high) detected at line 893
 []


Overfull \hbox (1.84828pt too wide) has occurred while \output is active
  [] [][][][][] [][][][][][][][][][][][][][][][] [][][][][][][][][][][][] [][][
][][][][][][][][][][][][][][][][][][] [][][][]  
 []

[50

 <../img/matchings_matchings_linear.pdf>]
<../img/matchings_matchings_interweaving.pdf, id=4489, 722.7pt x 361.35pt>
File: ../img/matchings_matchings_interweaving.pdf Graphic file (type pdf)

<use ../img/matchings_matchings_interweaving.pdf>
Package pdftex.def Info: ../img/matchings_matchings_interweaving.pdf used on in
put line 902.
(pdftex.def)             Requested size: 289.07487pt x 144.53743pt.

Overfull \vbox (10.75652pt too high) detected at line 902
 []


Overfull \hbox (1.84828pt too wide) has occurred while \output is active
  [] [][][][][] [][][][][][][][][][][][][][][][] [][][][][][][][][][][][] [][][
][][][][][][][][][][][][][][][][][][] [][][][]  
 []

[51

 <../img/matchings_matchings_interweaving.pdf>]
<../img/matchings_matchings_noisyinterweaving.pdf, id=4586, 722.7pt x 361.35pt>
File: ../img/matchings_matchings_noisyinterweaving.pdf Graphic file (type pdf)
<use ../img/matchings_matchings_noisyinterweaving.pdf>
Package pdftex.def Info: ../img/matchings_matchings_noisyinterweaving.pdf used 
on input line 911.
(pdftex.def)             Requested size: 289.07487pt x 144.53743pt.

Overfull \vbox (10.75652pt too high) detected at line 911
 []


Overfull \hbox (1.84828pt too wide) has occurred while \output is active
  [] [][][][][] [][][][][][][][][][][][][][][][] [][][][][][][][][][][][] [][][
][][][][][][][][][][][][][][][][][][] [][][][]  
 []

[52

 <../img/matchings_matchings_noisyinterweaving.pdf>]
<../img/bal_msg_linear_nodes.pdf, id=4683, 650.43pt x 505.89pt>
File: ../img/bal_msg_linear_nodes.pdf Graphic file (type pdf)

<use ../img/bal_msg_linear_nodes.pdf>
Package pdftex.def Info: ../img/bal_msg_linear_nodes.pdf used on input line 933
.
(pdftex.def)             Requested size: 162.6071pt x 126.47218pt.

Overfull \hbox (8.96217pt too wide) in paragraph at lines 933--933
 [] 
 []

<../img/bal_msg_noisyinterweaving_nodes.pdf, id=4684, 650.43pt x 505.89pt>
File: ../img/bal_msg_noisyinterweaving_nodes.pdf Graphic file (type pdf)

<use ../img/bal_msg_noisyinterweaving_nodes.pdf>
Package pdftex.def Info: ../img/bal_msg_noisyinterweaving_nodes.pdf used on inp
ut line 933.
(pdftex.def)             Requested size: 162.6071pt x 126.47218pt.

Overfull \hbox (8.96217pt too wide) in paragraph at lines 933--933
 [] 
 []


Overfull \vbox (7.879pt too high) detected at line 933
 []


Overfull \hbox (1.84828pt too wide) has occurred while \output is active
  [] [][][][][] [][][][][][][][][][][][][][][][] [][][][][][][][][][][][] [][][
][][][][][][][][][][][][][][][][][][] [][][][]  
 []

[53

 <../img/bal_msg_linear_nodes.pdf> <../img/bal_msg_noisyinterweaving_nodes.pdf

pdfTeX warning: pdflatex (file ../img/bal_msg_noisyinterweaving_nodes.pdf): PDF
 inclusion: multiple pdfs with page group included in a single page
>] <../img/bal_classic_drifts_linear2N.pdf, id=4786, 650.43pt x 505.89pt>
File: ../img/bal_classic_drifts_linear2N.pdf Graphic file (type pdf)

<use ../img/bal_classic_drifts_linear2N.pdf>
Package pdftex.def Info: ../img/bal_classic_drifts_linear2N.pdf used on input l
ine 954.
(pdftex.def)             Requested size: 162.6071pt x 126.47218pt.

Overfull \hbox (8.96217pt too wide) in paragraph at lines 954--954
 [] 
 []

<../img/bal_heuristic_drifts_linear2N.pdf, id=4787, 650.43pt x 505.89pt>
File: ../img/bal_heuristic_drifts_linear2N.pdf Graphic file (type pdf)

<use ../img/bal_heuristic_drifts_linear2N.pdf>
Package pdftex.def Info: ../img/bal_heuristic_drifts_linear2N.pdf used on input
 line 954.
(pdftex.def)             Requested size: 162.6071pt x 126.47218pt.

Overfull \hbox (8.96217pt too wide) in paragraph at lines 954--954
 [] 
 []


Overfull \hbox (1.84828pt too wide) has occurred while \output is active
  [] [][][][][] [][][][][][][][][][][][][][][][] [][][][][][][][][][][][] [][][
][][][][][][][][][][][][][][][][][][] [][][][]  
 []

[54

 <../img/bal_classic_drifts_linear2N.pdf> <../img/bal_heuristic_drifts_linear2N
.pdf

pdfTeX warning: pdflatex (file ../img/bal_heuristic_drifts_linear2N.pdf): PDF i
nclusion: multiple pdfs with page group included in a single page
>] <../img/main_msg_linear_nodes.pdf, id=4882, 650.43pt x 505.89pt>
File: ../img/main_msg_linear_nodes.pdf Graphic file (type pdf)

<use ../img/main_msg_linear_nodes.pdf>
Package pdftex.def Info: ../img/main_msg_linear_nodes.pdf used on input line 96
4.
(pdftex.def)             Requested size: 195.1305pt x 151.76816pt.

Overfull \vbox (8.20134pt too high) detected at line 964
 []


Overfull \hbox (1.84828pt too wide) has occurred while \output is active
  [] [][][][][] [][][][][][][][][][][][][][][][] [][][][][][][][][][][][] [][][
][][][][][][][][][][][][][][][][][][] [][][][]  
 []

[55

 <../img/main_msg_linear_nodes.pdf>]
<../img/main_msg_interweaving_nodes.pdf, id=4977, 650.43pt x 505.89pt>
File: ../img/main_msg_interweaving_nodes.pdf Graphic file (type pdf)

<use ../img/main_msg_interweaving_nodes.pdf>
Package pdftex.def Info: ../img/main_msg_interweaving_nodes.pdf used on input l
ine 973.
(pdftex.def)             Requested size: 195.1305pt x 151.76816pt.

Overfull \vbox (8.20134pt too high) detected at line 973
 []


Overfull \hbox (1.84828pt too wide) has occurred while \output is active
  [] [][][][][] [][][][][][][][][][][][][][][][] [][][][][][][][][][][][] [][][
][][][][][][][][][][][][][][][][][][] [][][][]  
 []

[56

 <../img/main_msg_interweaving_nodes.pdf>]
<../img/main_msg_noisyinterweaving_nodes.pdf, id=5071, 650.43pt x 505.89pt>
File: ../img/main_msg_noisyinterweaving_nodes.pdf Graphic file (type pdf)

<use ../img/main_msg_noisyinterweaving_nodes.pdf>
Package pdftex.def Info: ../img/main_msg_noisyinterweaving_nodes.pdf used on in
put line 982.
(pdftex.def)             Requested size: 195.1305pt x 151.76816pt.

Overfull \vbox (8.20134pt too high) detected at line 982
 []


Overfull \hbox (1.84828pt too wide) has occurred while \output is active
  [] [][][][][] [][][][][][][][][][][][][][][][] [][][][][][][][][][][][] [][][
][][][][][][][][][][][][][][][][][][] [][][][]  
 []

[57

 <../img/main_msg_noisyinterweaving_nodes.pdf>]
<../img/main_msg_noisyinterweaving_window.pdf, id=5165, 650.43pt x 505.89pt>
File: ../img/main_msg_noisyinterweaving_window.pdf Graphic file (type pdf)

<use ../img/main_msg_noisyinterweaving_window.pdf>
Package pdftex.def Info: ../img/main_msg_noisyinterweaving_window.pdf used on i
nput line 992.
(pdftex.def)             Requested size: 195.1305pt x 151.76816pt.

Overfull \vbox (10.14577pt too high) detected at line 992
 []


Overfull \hbox (1.84828pt too wide) has occurred while \output is active
  [] [][][][][] [][][][][][][][][][][][][][][][] [][][][][][][][][][][][] [][][
][][][][][][][][][][][][][][][][][][] [][][][]  
 []

[58

 <../img/main_msg_noisyinterweaving_window.pdf>]
<../img/main_msg_noisyinterweaving_order.pdf, id=5259, 650.43pt x 505.89pt>
File: ../img/main_msg_noisyinterweaving_order.pdf Graphic file (type pdf)

<use ../img/main_msg_noisyinterweaving_order.pdf>
Package pdftex.def Info: ../img/main_msg_noisyinterweaving_order.pdf used on in
put line 1002.
(pdftex.def)             Requested size: 195.1305pt x 151.76816pt.

Overfull \vbox (10.14577pt too high) detected at line 1002
 []


Overfull \hbox (1.84828pt too wide) has occurred while \output is active
  [] [][][][][] [][][][][][][][][][][][][][][][] [][][][][][][][][][][][] [][][
][][][][][][][][][][][][][][][][][][] [][][][]  
 []

[59

 <../img/main_msg_noisyinterweaving_order.pdf>]
<../img/main_msg_linear_dims.pdf, id=5356, 650.43pt x 505.89pt>
File: ../img/main_msg_linear_dims.pdf Graphic file (type pdf)

<use ../img/main_msg_linear_dims.pdf>
Package pdftex.def Info: ../img/main_msg_linear_dims.pdf used on input line 102
3.
(pdftex.def)             Requested size: 162.6071pt x 126.47218pt.

Overfull \hbox (8.96217pt too wide) in paragraph at lines 1023--1023
 [] 
 []

<../img/main_msg_noisyinterweaving_dims.pdf, id=5357, 650.43pt x 505.89pt>
File: ../img/main_msg_noisyinterweaving_dims.pdf Graphic file (type pdf)

<use ../img/main_msg_noisyinterweaving_dims.pdf>
Package pdftex.def Info: ../img/main_msg_noisyinterweaving_dims.pdf used on inp
ut line 1023.
(pdftex.def)             Requested size: 162.6071pt x 126.47218pt.

Overfull \hbox (8.96217pt too wide) in paragraph at lines 1023--1023
 [] 
 []


Overfull \vbox (7.879pt too high) detected at line 1023
 []


Overfull \hbox (1.84828pt too wide) has occurred while \output is active
  [] [][][][][] [][][][][][][][][][][][][][][][] [][][][][][][][][][][][] [][][
][][][][][][][][][][][][][][][][][][] [][][][]  
 []

[60

 <../img/main_msg_linear_dims.pdf> <../img/main_msg_noisyinterweaving_dims.pdf

pdfTeX warning: pdflatex (file ../img/main_msg_noisyinterweaving_dims.pdf): PDF
 inclusion: multiple pdfs with page group included in a single page
>]
<../img/actual_msg_NO2_sq_2014_nodes_wl_6_order_2.pdf, id=5458, 650.43pt x 505.
89pt>
File: ../img/actual_msg_NO2_sq_2014_nodes_wl_6_order_2.pdf Graphic file (type p
df)
 <use ../img/actual_msg_NO2_sq_2014_nodes_wl_6_order_2.pdf>
Package pdftex.def Info: ../img/actual_msg_NO2_sq_2014_nodes_wl_6_order_2.pdf u
sed on input line 1045.
(pdftex.def)             Requested size: 149.59575pt x 116.35225pt.

<../img/actual_msg_NO2_NO_2014_nodes.pdf, id=5459, 650.43pt x 505.89pt>
File: ../img/actual_msg_NO2_NO_2014_nodes.pdf Graphic file (type pdf)

<use ../img/actual_msg_NO2_NO_2014_nodes.pdf>
Package pdftex.def Info: ../img/actual_msg_NO2_NO_2014_nodes.pdf used on input 
line 1045.
(pdftex.def)             Requested size: 149.59575pt x 116.35225pt.

Overfull \vbox (3.09952pt too high) detected at line 1045
 []


Overfull \hbox (1.84828pt too wide) has occurred while \output is active
  [] [][][][][] [][][][][][][][][][][][][][][][] [][][][][][][][][][][][] [][][
][][][][][][][][][][][][][][][][][][] [][][][]  
 []

[61

 <../img/actual_msg_NO2_sq_2014_nodes_wl_6_order_2.pdf> <../img/actual_msg_NO2_
NO_2014_nodes.pdf

pdfTeX warning: pdflatex (file ../img/actual_msg_NO2_NO_2014_nodes.pdf): PDF in
clusion: multiple pdfs with page group included in a single page
>] (./Thesis_presentation.toc)
Overfull \hbox (1.84828pt too wide) has occurred while \output is active
  [] [][][][][] [][][][][][][][][][][][][][][][] [][][][][][][][][][][][] [][][
][][][][][][][][][][][][][][][][][][] [][][][]  
 []

[62

]
Overfull \hbox (1.84828pt too wide) has occurred while \output is active
  [] [][][][][] [][][][][][][][][][][][][][][][] [][][][][][][][][][][][] [][][
][][][][][][][][][][][][][][][][][][] [][][][]  
 []

[63

]
Overfull \hbox (1.84828pt too wide) has occurred while \output is active
  [] [][][][][] [][][][][][][][][][][][][][][][] [][][][][][][][][][][][] [][][
][][][][][][][][][][][][][][][][][][] [][][][]  
 []

[64

] [65

]
\tf@nav=\write7
\openout7 = `Thesis_presentation.nav'.

\tf@toc=\write8
\openout8 = `Thesis_presentation.toc'.

\tf@snm=\write9
\openout9 = `Thesis_presentation.snm'.

Package atveryend Info: Empty hook `BeforeClearDocument' on input line 1096.
Package atveryend Info: Empty hook `AfterLastShipout' on input line 1096.
 (./Thesis_presentation.aux)
Package atveryend Info: Empty hook `AtVeryEndDocument' on input line 1096.
Package atveryend Info: Executing hook `AtEndAfterFileList' on input line 1096.

Package rerunfilecheck Info: File `Thesis_presentation.out' has not changed.
(rerunfilecheck)             Checksum: C5237E2B86DA07DEE016EBB50F6C4FE7;887.
Package logreq Info: Writing requests to 'Thesis_presentation.run.xml'.
\openout1 = `Thesis_presentation.run.xml'.

Package atveryend Info: Empty hook `AtVeryVeryEnd' on input line 1096.
 ) 
Here is how much of TeX's memory you used:
 37620 strings out of 493105
 838014 string characters out of 6137072
 1353303 words of memory out of 5000000
 40119 multiletter control sequences out of 15000+600000
 86950 words of font info for 85 fonts, out of 8000000 for 9000
 1141 hyphenation exceptions out of 8191
 56i,27n,78p,958b,1674s stack positions out of 5000i,500n,10000p,200000b,80000s
{/usr/share/texmf/fonts/enc/dvips/lm/lm-rm.enc}{/usr/share/texmf/fonts/enc/dv
ips/lm/lm-rmtt.enc}{/usr/share/texmf/fonts/enc/dvips/lm/lm-mathit.enc}{/usr/sha
re/texmf/fonts/enc/dvips/lm/lm-mathsy.enc}{/usr/share/texmf/fonts/enc/dvips/lm/
lm-mathex.enc}</usr/share/texlive/texmf-dist/fonts/type1/public/amsfonts/cm/cmm
i12.pfb></usr/share/texlive/texmf-dist/fonts/type1/public/amsfonts/cm/cmr12.pfb
></usr/share/texlive/texmf-dist/fonts/type1/public/amsfonts/cm/cmsy10.pfb></usr
/share/texmf/fonts/type1/public/lm/lmex10.pfb></usr/share/texmf/fonts/type1/pub
lic/lm/lmmi10.pfb></usr/share/texmf/fonts/type1/public/lm/lmmi12.pfb></usr/shar
e/texmf/fonts/type1/public/lm/lmmi8.pfb></usr/share/texmf/fonts/type1/public/lm
/lmss10.pfb></usr/share/texmf/fonts/type1/public/lm/lmss12.pfb></usr/share/texm
f/fonts/type1/public/lm/lmss17.pfb></usr/share/texmf/fonts/type1/public/lm/lmss
8.pfb></usr/share/texmf/fonts/type1/public/lm/lmss9.pfb></usr/share/texmf/fonts
/type1/public/lm/lmssbx10.pfb></usr/share/texmf/fonts/type1/public/lm/lmsso10.p
fb></usr/share/texmf/fonts/type1/public/lm/lmsso17.pfb></usr/share/texmf/fonts/
type1/public/lm/lmsso8.pfb></usr/share/texmf/fonts/type1/public/lm/lmsso9.pfb><
/usr/share/texmf/fonts/type1/public/lm/lmsy10.pfb></usr/share/texmf/fonts/type1
/public/lm/lmsy5.pfb></usr/share/texmf/fonts/type1/public/lm/lmsy6.pfb></usr/sh
are/texmf/fonts/type1/public/lm/lmsy7.pfb></usr/share/texmf/fonts/type1/public/
lm/lmsy8.pfb></usr/share/texmf/fonts/type1/public/lm/lmtt10.pfb></usr/share/tex
mf/fonts/type1/public/lm/lmtti10.pfb></usr/share/texlive/texmf-dist/fonts/type1
/public/amsfonts/symbols/msam10.pfb></usr/share/texlive/texmf-dist/fonts/type1/
public/amsfonts/symbols/msam7.pfb></usr/share/texlive/texmf-dist/fonts/type1/pu
blic/amsfonts/symbols/msbm10.pfb>
Output written on Thesis_presentation.pdf (65 pages, 919653 bytes).
PDF statistics:
 5979 PDF objects out of 6186 (max. 8388607)
 5688 compressed objects within 57 object streams
 175 named destinations out of 1000 (max. 500000)
 303 words of extra memory for PDF output out of 10000 (max. 10000000)

